The system is: Linux - 5.10.0-13-amd64 - x86_64
Compiling the C compiler identification source file "CMakeCCompilerId.c" succeeded.
Compiler: /usr/bin/cc 
Build flags: 
Id flags:  

The output was:
0


Compilation of the C compiler identification source "CMakeCCompilerId.c" produced "a.out"

The C compiler identification is GNU, found in "/home/aleksey/OTUS/DZ4/json-c-build/CMakeFiles/3.18.4/CompilerIdC/a.out"

Detecting C compiler ABI info compiled with the following output:
Change Dir: /home/aleksey/OTUS/DZ4/json-c-build/CMakeFiles/CMakeTmp

Run Build Command(s):/usr/bin/gmake cmTC_7eaa0/fast && /usr/bin/gmake  -f CMakeFiles/cmTC_7eaa0.dir/build.make CMakeFiles/cmTC_7eaa0.dir/build
gmake[1]: Entering directory '/home/aleksey/OTUS/DZ4/json-c-build/CMakeFiles/CMakeTmp'
Building C object CMakeFiles/cmTC_7eaa0.dir/CMakeCCompilerABI.c.o
/usr/bin/cc   -v -o CMakeFiles/cmTC_7eaa0.dir/CMakeCCompilerABI.c.o -c /usr/share/cmake-3.18/Modules/CMakeCCompilerABI.c
Using built-in specs.
COLLECT_GCC=/usr/bin/cc
OFFLOAD_TARGET_NAMES=nvptx-none:amdgcn-amdhsa:hsa
OFFLOAD_TARGET_DEFAULT=1
Target: x86_64-linux-gnu
Configured with: ../src/configure -v --with-pkgversion='Debian 10.2.1-6' --with-bugurl=file:///usr/share/doc/gcc-10/README.Bugs --enable-languages=c,ada,c++,go,brig,d,fortran,objc,obj-c++,m2 --prefix=/usr --with-gcc-major-version-only --program-suffix=-10 --program-prefix=x86_64-linux-gnu- --enable-shared --enable-linker-build-id --libexecdir=/usr/lib --without-included-gettext --enable-threads=posix --libdir=/usr/lib --enable-nls --enable-bootstrap --enable-clocale=gnu --enable-libstdcxx-debug --enable-libstdcxx-time=yes --with-default-libstdcxx-abi=new --enable-gnu-unique-object --disable-vtable-verify --enable-plugin --enable-default-pie --with-system-zlib --enable-libphobos-checking=release --with-target-system-zlib=auto --enable-objc-gc=auto --enable-multiarch --disable-werror --with-arch-32=i686 --with-abi=m64 --with-multilib-list=m32,m64,mx32 --enable-multilib --with-tune=generic --enable-offload-targets=nvptx-none=/build/gcc-10-Km9U7s/gcc-10-10.2.1/debian/tmp-nvptx/usr,amdgcn-amdhsa=/build/gcc-10-Km9U7s/gcc-10-10.2.1/debian/tmp-gcn/usr,hsa --without-cuda-driver --enable-checking=release --build=x86_64-linux-gnu --host=x86_64-linux-gnu --target=x86_64-linux-gnu --with-build-config=bootstrap-lto-lean --enable-link-mutex
Thread model: posix
Supported LTO compression algorithms: zlib zstd
gcc version 10.2.1 20210110 (Debian 10.2.1-6) 
COLLECT_GCC_OPTIONS='-v' '-o' 'CMakeFiles/cmTC_7eaa0.dir/CMakeCCompilerABI.c.o' '-c' '-mtune=generic' '-march=x86-64'
 /usr/lib/gcc/x86_64-linux-gnu/10/cc1 -quiet -v -imultiarch x86_64-linux-gnu /usr/share/cmake-3.18/Modules/CMakeCCompilerABI.c -quiet -dumpbase CMakeCCompilerABI.c -mtune=generic -march=x86-64 -auxbase-strip CMakeFiles/cmTC_7eaa0.dir/CMakeCCompilerABI.c.o -version -fasynchronous-unwind-tables -o /tmp/ccrH8Z12.s
GNU C17 (Debian 10.2.1-6) version 10.2.1 20210110 (x86_64-linux-gnu)
	compiled by GNU C version 10.2.1 20210110, GMP version 6.2.1, MPFR version 4.1.0, MPC version 1.2.0, isl version isl-0.23-GMP

GGC heuristics: --param ggc-min-expand=100 --param ggc-min-heapsize=131072
ignoring nonexistent directory "/usr/local/include/x86_64-linux-gnu"
ignoring nonexistent directory "/usr/lib/gcc/x86_64-linux-gnu/10/include-fixed"
ignoring nonexistent directory "/usr/lib/gcc/x86_64-linux-gnu/10/../../../../x86_64-linux-gnu/include"
#include "..." search starts here:
#include <...> search starts here:
 /usr/lib/gcc/x86_64-linux-gnu/10/include
 /usr/local/include
 /usr/include/x86_64-linux-gnu
 /usr/include
End of search list.
GNU C17 (Debian 10.2.1-6) version 10.2.1 20210110 (x86_64-linux-gnu)
	compiled by GNU C version 10.2.1 20210110, GMP version 6.2.1, MPFR version 4.1.0, MPC version 1.2.0, isl version isl-0.23-GMP

GGC heuristics: --param ggc-min-expand=100 --param ggc-min-heapsize=131072
Compiler executable checksum: 1f803793fa2e3418c492b25e7d3eac2f
COLLECT_GCC_OPTIONS='-v' '-o' 'CMakeFiles/cmTC_7eaa0.dir/CMakeCCompilerABI.c.o' '-c' '-mtune=generic' '-march=x86-64'
 as -v --64 -o CMakeFiles/cmTC_7eaa0.dir/CMakeCCompilerABI.c.o /tmp/ccrH8Z12.s
GNU assembler version 2.35.2 (x86_64-linux-gnu) using BFD version (GNU Binutils for Debian) 2.35.2
COMPILER_PATH=/usr/lib/gcc/x86_64-linux-gnu/10/:/usr/lib/gcc/x86_64-linux-gnu/10/:/usr/lib/gcc/x86_64-linux-gnu/:/usr/lib/gcc/x86_64-linux-gnu/10/:/usr/lib/gcc/x86_64-linux-gnu/
LIBRARY_PATH=/usr/lib/gcc/x86_64-linux-gnu/10/:/usr/lib/gcc/x86_64-linux-gnu/10/../../../x86_64-linux-gnu/:/usr/lib/gcc/x86_64-linux-gnu/10/../../../../lib/:/lib/x86_64-linux-gnu/:/lib/../lib/:/usr/lib/x86_64-linux-gnu/:/usr/lib/../lib/:/usr/lib/gcc/x86_64-linux-gnu/10/../../../:/lib/:/usr/lib/
COLLECT_GCC_OPTIONS='-v' '-o' 'CMakeFiles/cmTC_7eaa0.dir/CMakeCCompilerABI.c.o' '-c' '-mtune=generic' '-march=x86-64'
Linking C executable cmTC_7eaa0
/usr/bin/cmake -E cmake_link_script CMakeFiles/cmTC_7eaa0.dir/link.txt --verbose=1
/usr/bin/cc  -v -rdynamic CMakeFiles/cmTC_7eaa0.dir/CMakeCCompilerABI.c.o -o cmTC_7eaa0 
Using built-in specs.
COLLECT_GCC=/usr/bin/cc
COLLECT_LTO_WRAPPER=/usr/lib/gcc/x86_64-linux-gnu/10/lto-wrapper
OFFLOAD_TARGET_NAMES=nvptx-none:amdgcn-amdhsa:hsa
OFFLOAD_TARGET_DEFAULT=1
Target: x86_64-linux-gnu
Configured with: ../src/configure -v --with-pkgversion='Debian 10.2.1-6' --with-bugurl=file:///usr/share/doc/gcc-10/README.Bugs --enable-languages=c,ada,c++,go,brig,d,fortran,objc,obj-c++,m2 --prefix=/usr --with-gcc-major-version-only --program-suffix=-10 --program-prefix=x86_64-linux-gnu- --enable-shared --enable-linker-build-id --libexecdir=/usr/lib --without-included-gettext --enable-threads=posix --libdir=/usr/lib --enable-nls --enable-bootstrap --enable-clocale=gnu --enable-libstdcxx-debug --enable-libstdcxx-time=yes --with-default-libstdcxx-abi=new --enable-gnu-unique-object --disable-vtable-verify --enable-plugin --enable-default-pie --with-system-zlib --enable-libphobos-checking=release --with-target-system-zlib=auto --enable-objc-gc=auto --enable-multiarch --disable-werror --with-arch-32=i686 --with-abi=m64 --with-multilib-list=m32,m64,mx32 --enable-multilib --with-tune=generic --enable-offload-targets=nvptx-none=/build/gcc-10-Km9U7s/gcc-10-10.2.1/debian/tmp-nvptx/usr,amdgcn-amdhsa=/build/gcc-10-Km9U7s/gcc-10-10.2.1/debian/tmp-gcn/usr,hsa --without-cuda-driver --enable-checking=release --build=x86_64-linux-gnu --host=x86_64-linux-gnu --target=x86_64-linux-gnu --with-build-config=bootstrap-lto-lean --enable-link-mutex
Thread model: posix
Supported LTO compression algorithms: zlib zstd
gcc version 10.2.1 20210110 (Debian 10.2.1-6) 
COMPILER_PATH=/usr/lib/gcc/x86_64-linux-gnu/10/:/usr/lib/gcc/x86_64-linux-gnu/10/:/usr/lib/gcc/x86_64-linux-gnu/:/usr/lib/gcc/x86_64-linux-gnu/10/:/usr/lib/gcc/x86_64-linux-gnu/
LIBRARY_PATH=/usr/lib/gcc/x86_64-linux-gnu/10/:/usr/lib/gcc/x86_64-linux-gnu/10/../../../x86_64-linux-gnu/:/usr/lib/gcc/x86_64-linux-gnu/10/../../../../lib/:/lib/x86_64-linux-gnu/:/lib/../lib/:/usr/lib/x86_64-linux-gnu/:/usr/lib/../lib/:/usr/lib/gcc/x86_64-linux-gnu/10/../../../:/lib/:/usr/lib/
COLLECT_GCC_OPTIONS='-v' '-rdynamic' '-o' 'cmTC_7eaa0' '-mtune=generic' '-march=x86-64'
 /usr/lib/gcc/x86_64-linux-gnu/10/collect2 -plugin /usr/lib/gcc/x86_64-linux-gnu/10/liblto_plugin.so -plugin-opt=/usr/lib/gcc/x86_64-linux-gnu/10/lto-wrapper -plugin-opt=-fresolution=/tmp/ccqui26u.res -plugin-opt=-pass-through=-lgcc -plugin-opt=-pass-through=-lgcc_s -plugin-opt=-pass-through=-lc -plugin-opt=-pass-through=-lgcc -plugin-opt=-pass-through=-lgcc_s --build-id --eh-frame-hdr -m elf_x86_64 --hash-style=gnu --as-needed -export-dynamic -dynamic-linker /lib64/ld-linux-x86-64.so.2 -pie -o cmTC_7eaa0 /usr/lib/gcc/x86_64-linux-gnu/10/../../../x86_64-linux-gnu/Scrt1.o /usr/lib/gcc/x86_64-linux-gnu/10/../../../x86_64-linux-gnu/crti.o /usr/lib/gcc/x86_64-linux-gnu/10/crtbeginS.o -L/usr/lib/gcc/x86_64-linux-gnu/10 -L/usr/lib/gcc/x86_64-linux-gnu/10/../../../x86_64-linux-gnu -L/usr/lib/gcc/x86_64-linux-gnu/10/../../../../lib -L/lib/x86_64-linux-gnu -L/lib/../lib -L/usr/lib/x86_64-linux-gnu -L/usr/lib/../lib -L/usr/lib/gcc/x86_64-linux-gnu/10/../../.. CMakeFiles/cmTC_7eaa0.dir/CMakeCCompilerABI.c.o -lgcc --push-state --as-needed -lgcc_s --pop-state -lc -lgcc --push-state --as-needed -lgcc_s --pop-state /usr/lib/gcc/x86_64-linux-gnu/10/crtendS.o /usr/lib/gcc/x86_64-linux-gnu/10/../../../x86_64-linux-gnu/crtn.o
COLLECT_GCC_OPTIONS='-v' '-rdynamic' '-o' 'cmTC_7eaa0' '-mtune=generic' '-march=x86-64'
gmake[1]: Leaving directory '/home/aleksey/OTUS/DZ4/json-c-build/CMakeFiles/CMakeTmp'



Parsed C implicit include dir info from above output: rv=done
  found start of include info
  found start of implicit include info
    add: [/usr/lib/gcc/x86_64-linux-gnu/10/include]
    add: [/usr/local/include]
    add: [/usr/include/x86_64-linux-gnu]
    add: [/usr/include]
  end of search list found
  collapse include dir [/usr/lib/gcc/x86_64-linux-gnu/10/include] ==> [/usr/lib/gcc/x86_64-linux-gnu/10/include]
  collapse include dir [/usr/local/include] ==> [/usr/local/include]
  collapse include dir [/usr/include/x86_64-linux-gnu] ==> [/usr/include/x86_64-linux-gnu]
  collapse include dir [/usr/include] ==> [/usr/include]
  implicit include dirs: [/usr/lib/gcc/x86_64-linux-gnu/10/include;/usr/local/include;/usr/include/x86_64-linux-gnu;/usr/include]


Parsed C implicit link information from above output:
  link line regex: [^( *|.*[/\])(ld|CMAKE_LINK_STARTFILE-NOTFOUND|([^/\]+-)?ld|collect2)[^/\]*( |$)]
  ignore line: [Change Dir: /home/aleksey/OTUS/DZ4/json-c-build/CMakeFiles/CMakeTmp]
  ignore line: []
  ignore line: [Run Build Command(s):/usr/bin/gmake cmTC_7eaa0/fast && /usr/bin/gmake  -f CMakeFiles/cmTC_7eaa0.dir/build.make CMakeFiles/cmTC_7eaa0.dir/build]
  ignore line: [gmake[1]: Entering directory '/home/aleksey/OTUS/DZ4/json-c-build/CMakeFiles/CMakeTmp']
  ignore line: [Building C object CMakeFiles/cmTC_7eaa0.dir/CMakeCCompilerABI.c.o]
  ignore line: [/usr/bin/cc   -v -o CMakeFiles/cmTC_7eaa0.dir/CMakeCCompilerABI.c.o -c /usr/share/cmake-3.18/Modules/CMakeCCompilerABI.c]
  ignore line: [Using built-in specs.]
  ignore line: [COLLECT_GCC=/usr/bin/cc]
  ignore line: [OFFLOAD_TARGET_NAMES=nvptx-none:amdgcn-amdhsa:hsa]
  ignore line: [OFFLOAD_TARGET_DEFAULT=1]
  ignore line: [Target: x86_64-linux-gnu]
  ignore line: [Configured with: ../src/configure -v --with-pkgversion='Debian 10.2.1-6' --with-bugurl=file:///usr/share/doc/gcc-10/README.Bugs --enable-languages=c ada c++ go brig d fortran objc obj-c++ m2 --prefix=/usr --with-gcc-major-version-only --program-suffix=-10 --program-prefix=x86_64-linux-gnu- --enable-shared --enable-linker-build-id --libexecdir=/usr/lib --without-included-gettext --enable-threads=posix --libdir=/usr/lib --enable-nls --enable-bootstrap --enable-clocale=gnu --enable-libstdcxx-debug --enable-libstdcxx-time=yes --with-default-libstdcxx-abi=new --enable-gnu-unique-object --disable-vtable-verify --enable-plugin --enable-default-pie --with-system-zlib --enable-libphobos-checking=release --with-target-system-zlib=auto --enable-objc-gc=auto --enable-multiarch --disable-werror --with-arch-32=i686 --with-abi=m64 --with-multilib-list=m32 m64 mx32 --enable-multilib --with-tune=generic --enable-offload-targets=nvptx-none=/build/gcc-10-Km9U7s/gcc-10-10.2.1/debian/tmp-nvptx/usr amdgcn-amdhsa=/build/gcc-10-Km9U7s/gcc-10-10.2.1/debian/tmp-gcn/usr hsa --without-cuda-driver --enable-checking=release --build=x86_64-linux-gnu --host=x86_64-linux-gnu --target=x86_64-linux-gnu --with-build-config=bootstrap-lto-lean --enable-link-mutex]
  ignore line: [Thread model: posix]
  ignore line: [Supported LTO compression algorithms: zlib zstd]
  ignore line: [gcc version 10.2.1 20210110 (Debian 10.2.1-6) ]
  ignore line: [COLLECT_GCC_OPTIONS='-v' '-o' 'CMakeFiles/cmTC_7eaa0.dir/CMakeCCompilerABI.c.o' '-c' '-mtune=generic' '-march=x86-64']
  ignore line: [ /usr/lib/gcc/x86_64-linux-gnu/10/cc1 -quiet -v -imultiarch x86_64-linux-gnu /usr/share/cmake-3.18/Modules/CMakeCCompilerABI.c -quiet -dumpbase CMakeCCompilerABI.c -mtune=generic -march=x86-64 -auxbase-strip CMakeFiles/cmTC_7eaa0.dir/CMakeCCompilerABI.c.o -version -fasynchronous-unwind-tables -o /tmp/ccrH8Z12.s]
  ignore line: [GNU C17 (Debian 10.2.1-6) version 10.2.1 20210110 (x86_64-linux-gnu)]
  ignore line: [	compiled by GNU C version 10.2.1 20210110  GMP version 6.2.1  MPFR version 4.1.0  MPC version 1.2.0  isl version isl-0.23-GMP]
  ignore line: []
  ignore line: [GGC heuristics: --param ggc-min-expand=100 --param ggc-min-heapsize=131072]
  ignore line: [ignoring nonexistent directory "/usr/local/include/x86_64-linux-gnu"]
  ignore line: [ignoring nonexistent directory "/usr/lib/gcc/x86_64-linux-gnu/10/include-fixed"]
  ignore line: [ignoring nonexistent directory "/usr/lib/gcc/x86_64-linux-gnu/10/../../../../x86_64-linux-gnu/include"]
  ignore line: [#include "..." search starts here:]
  ignore line: [#include <...> search starts here:]
  ignore line: [ /usr/lib/gcc/x86_64-linux-gnu/10/include]
  ignore line: [ /usr/local/include]
  ignore line: [ /usr/include/x86_64-linux-gnu]
  ignore line: [ /usr/include]
  ignore line: [End of search list.]
  ignore line: [GNU C17 (Debian 10.2.1-6) version 10.2.1 20210110 (x86_64-linux-gnu)]
  ignore line: [	compiled by GNU C version 10.2.1 20210110  GMP version 6.2.1  MPFR version 4.1.0  MPC version 1.2.0  isl version isl-0.23-GMP]
  ignore line: []
  ignore line: [GGC heuristics: --param ggc-min-expand=100 --param ggc-min-heapsize=131072]
  ignore line: [Compiler executable checksum: 1f803793fa2e3418c492b25e7d3eac2f]
  ignore line: [COLLECT_GCC_OPTIONS='-v' '-o' 'CMakeFiles/cmTC_7eaa0.dir/CMakeCCompilerABI.c.o' '-c' '-mtune=generic' '-march=x86-64']
  ignore line: [ as -v --64 -o CMakeFiles/cmTC_7eaa0.dir/CMakeCCompilerABI.c.o /tmp/ccrH8Z12.s]
  ignore line: [GNU assembler version 2.35.2 (x86_64-linux-gnu) using BFD version (GNU Binutils for Debian) 2.35.2]
  ignore line: [COMPILER_PATH=/usr/lib/gcc/x86_64-linux-gnu/10/:/usr/lib/gcc/x86_64-linux-gnu/10/:/usr/lib/gcc/x86_64-linux-gnu/:/usr/lib/gcc/x86_64-linux-gnu/10/:/usr/lib/gcc/x86_64-linux-gnu/]
  ignore line: [LIBRARY_PATH=/usr/lib/gcc/x86_64-linux-gnu/10/:/usr/lib/gcc/x86_64-linux-gnu/10/../../../x86_64-linux-gnu/:/usr/lib/gcc/x86_64-linux-gnu/10/../../../../lib/:/lib/x86_64-linux-gnu/:/lib/../lib/:/usr/lib/x86_64-linux-gnu/:/usr/lib/../lib/:/usr/lib/gcc/x86_64-linux-gnu/10/../../../:/lib/:/usr/lib/]
  ignore line: [COLLECT_GCC_OPTIONS='-v' '-o' 'CMakeFiles/cmTC_7eaa0.dir/CMakeCCompilerABI.c.o' '-c' '-mtune=generic' '-march=x86-64']
  ignore line: [Linking C executable cmTC_7eaa0]
  ignore line: [/usr/bin/cmake -E cmake_link_script CMakeFiles/cmTC_7eaa0.dir/link.txt --verbose=1]
  ignore line: [/usr/bin/cc  -v -rdynamic CMakeFiles/cmTC_7eaa0.dir/CMakeCCompilerABI.c.o -o cmTC_7eaa0 ]
  ignore line: [Using built-in specs.]
  ignore line: [COLLECT_GCC=/usr/bin/cc]
  ignore line: [COLLECT_LTO_WRAPPER=/usr/lib/gcc/x86_64-linux-gnu/10/lto-wrapper]
  ignore line: [OFFLOAD_TARGET_NAMES=nvptx-none:amdgcn-amdhsa:hsa]
  ignore line: [OFFLOAD_TARGET_DEFAULT=1]
  ignore line: [Target: x86_64-linux-gnu]
  ignore line: [Configured with: ../src/configure -v --with-pkgversion='Debian 10.2.1-6' --with-bugurl=file:///usr/share/doc/gcc-10/README.Bugs --enable-languages=c ada c++ go brig d fortran objc obj-c++ m2 --prefix=/usr --with-gcc-major-version-only --program-suffix=-10 --program-prefix=x86_64-linux-gnu- --enable-shared --enable-linker-build-id --libexecdir=/usr/lib --without-included-gettext --enable-threads=posix --libdir=/usr/lib --enable-nls --enable-bootstrap --enable-clocale=gnu --enable-libstdcxx-debug --enable-libstdcxx-time=yes --with-default-libstdcxx-abi=new --enable-gnu-unique-object --disable-vtable-verify --enable-plugin --enable-default-pie --with-system-zlib --enable-libphobos-checking=release --with-target-system-zlib=auto --enable-objc-gc=auto --enable-multiarch --disable-werror --with-arch-32=i686 --with-abi=m64 --with-multilib-list=m32 m64 mx32 --enable-multilib --with-tune=generic --enable-offload-targets=nvptx-none=/build/gcc-10-Km9U7s/gcc-10-10.2.1/debian/tmp-nvptx/usr amdgcn-amdhsa=/build/gcc-10-Km9U7s/gcc-10-10.2.1/debian/tmp-gcn/usr hsa --without-cuda-driver --enable-checking=release --build=x86_64-linux-gnu --host=x86_64-linux-gnu --target=x86_64-linux-gnu --with-build-config=bootstrap-lto-lean --enable-link-mutex]
  ignore line: [Thread model: posix]
  ignore line: [Supported LTO compression algorithms: zlib zstd]
  ignore line: [gcc version 10.2.1 20210110 (Debian 10.2.1-6) ]
  ignore line: [COMPILER_PATH=/usr/lib/gcc/x86_64-linux-gnu/10/:/usr/lib/gcc/x86_64-linux-gnu/10/:/usr/lib/gcc/x86_64-linux-gnu/:/usr/lib/gcc/x86_64-linux-gnu/10/:/usr/lib/gcc/x86_64-linux-gnu/]
  ignore line: [LIBRARY_PATH=/usr/lib/gcc/x86_64-linux-gnu/10/:/usr/lib/gcc/x86_64-linux-gnu/10/../../../x86_64-linux-gnu/:/usr/lib/gcc/x86_64-linux-gnu/10/../../../../lib/:/lib/x86_64-linux-gnu/:/lib/../lib/:/usr/lib/x86_64-linux-gnu/:/usr/lib/../lib/:/usr/lib/gcc/x86_64-linux-gnu/10/../../../:/lib/:/usr/lib/]
  ignore line: [COLLECT_GCC_OPTIONS='-v' '-rdynamic' '-o' 'cmTC_7eaa0' '-mtune=generic' '-march=x86-64']
  link line: [ /usr/lib/gcc/x86_64-linux-gnu/10/collect2 -plugin /usr/lib/gcc/x86_64-linux-gnu/10/liblto_plugin.so -plugin-opt=/usr/lib/gcc/x86_64-linux-gnu/10/lto-wrapper -plugin-opt=-fresolution=/tmp/ccqui26u.res -plugin-opt=-pass-through=-lgcc -plugin-opt=-pass-through=-lgcc_s -plugin-opt=-pass-through=-lc -plugin-opt=-pass-through=-lgcc -plugin-opt=-pass-through=-lgcc_s --build-id --eh-frame-hdr -m elf_x86_64 --hash-style=gnu --as-needed -export-dynamic -dynamic-linker /lib64/ld-linux-x86-64.so.2 -pie -o cmTC_7eaa0 /usr/lib/gcc/x86_64-linux-gnu/10/../../../x86_64-linux-gnu/Scrt1.o /usr/lib/gcc/x86_64-linux-gnu/10/../../../x86_64-linux-gnu/crti.o /usr/lib/gcc/x86_64-linux-gnu/10/crtbeginS.o -L/usr/lib/gcc/x86_64-linux-gnu/10 -L/usr/lib/gcc/x86_64-linux-gnu/10/../../../x86_64-linux-gnu -L/usr/lib/gcc/x86_64-linux-gnu/10/../../../../lib -L/lib/x86_64-linux-gnu -L/lib/../lib -L/usr/lib/x86_64-linux-gnu -L/usr/lib/../lib -L/usr/lib/gcc/x86_64-linux-gnu/10/../../.. CMakeFiles/cmTC_7eaa0.dir/CMakeCCompilerABI.c.o -lgcc --push-state --as-needed -lgcc_s --pop-state -lc -lgcc --push-state --as-needed -lgcc_s --pop-state /usr/lib/gcc/x86_64-linux-gnu/10/crtendS.o /usr/lib/gcc/x86_64-linux-gnu/10/../../../x86_64-linux-gnu/crtn.o]
    arg [/usr/lib/gcc/x86_64-linux-gnu/10/collect2] ==> ignore
    arg [-plugin] ==> ignore
    arg [/usr/lib/gcc/x86_64-linux-gnu/10/liblto_plugin.so] ==> ignore
    arg [-plugin-opt=/usr/lib/gcc/x86_64-linux-gnu/10/lto-wrapper] ==> ignore
    arg [-plugin-opt=-fresolution=/tmp/ccqui26u.res] ==> ignore
    arg [-plugin-opt=-pass-through=-lgcc] ==> ignore
    arg [-plugin-opt=-pass-through=-lgcc_s] ==> ignore
    arg [-plugin-opt=-pass-through=-lc] ==> ignore
    arg [-plugin-opt=-pass-through=-lgcc] ==> ignore
    arg [-plugin-opt=-pass-through=-lgcc_s] ==> ignore
    arg [--build-id] ==> ignore
    arg [--eh-frame-hdr] ==> ignore
    arg [-m] ==> ignore
    arg [elf_x86_64] ==> ignore
    arg [--hash-style=gnu] ==> ignore
    arg [--as-needed] ==> ignore
    arg [-export-dynamic] ==> ignore
    arg [-dynamic-linker] ==> ignore
    arg [/lib64/ld-linux-x86-64.so.2] ==> ignore
    arg [-pie] ==> ignore
    arg [-o] ==> ignore
    arg [cmTC_7eaa0] ==> ignore
    arg [/usr/lib/gcc/x86_64-linux-gnu/10/../../../x86_64-linux-gnu/Scrt1.o] ==> ignore
    arg [/usr/lib/gcc/x86_64-linux-gnu/10/../../../x86_64-linux-gnu/crti.o] ==> ignore
    arg [/usr/lib/gcc/x86_64-linux-gnu/10/crtbeginS.o] ==> ignore
    arg [-L/usr/lib/gcc/x86_64-linux-gnu/10] ==> dir [/usr/lib/gcc/x86_64-linux-gnu/10]
    arg [-L/usr/lib/gcc/x86_64-linux-gnu/10/../../../x86_64-linux-gnu] ==> dir [/usr/lib/gcc/x86_64-linux-gnu/10/../../../x86_64-linux-gnu]
    arg [-L/usr/lib/gcc/x86_64-linux-gnu/10/../../../../lib] ==> dir [/usr/lib/gcc/x86_64-linux-gnu/10/../../../../lib]
    arg [-L/lib/x86_64-linux-gnu] ==> dir [/lib/x86_64-linux-gnu]
    arg [-L/lib/../lib] ==> dir [/lib/../lib]
    arg [-L/usr/lib/x86_64-linux-gnu] ==> dir [/usr/lib/x86_64-linux-gnu]
    arg [-L/usr/lib/../lib] ==> dir [/usr/lib/../lib]
    arg [-L/usr/lib/gcc/x86_64-linux-gnu/10/../../..] ==> dir [/usr/lib/gcc/x86_64-linux-gnu/10/../../..]
    arg [CMakeFiles/cmTC_7eaa0.dir/CMakeCCompilerABI.c.o] ==> ignore
    arg [-lgcc] ==> lib [gcc]
    arg [--push-state] ==> ignore
    arg [--as-needed] ==> ignore
    arg [-lgcc_s] ==> lib [gcc_s]
    arg [--pop-state] ==> ignore
    arg [-lc] ==> lib [c]
    arg [-lgcc] ==> lib [gcc]
    arg [--push-state] ==> ignore
    arg [--as-needed] ==> ignore
    arg [-lgcc_s] ==> lib [gcc_s]
    arg [--pop-state] ==> ignore
    arg [/usr/lib/gcc/x86_64-linux-gnu/10/crtendS.o] ==> ignore
    arg [/usr/lib/gcc/x86_64-linux-gnu/10/../../../x86_64-linux-gnu/crtn.o] ==> ignore
  collapse library dir [/usr/lib/gcc/x86_64-linux-gnu/10] ==> [/usr/lib/gcc/x86_64-linux-gnu/10]
  collapse library dir [/usr/lib/gcc/x86_64-linux-gnu/10/../../../x86_64-linux-gnu] ==> [/usr/lib/x86_64-linux-gnu]
  collapse library dir [/usr/lib/gcc/x86_64-linux-gnu/10/../../../../lib] ==> [/usr/lib]
  collapse library dir [/lib/x86_64-linux-gnu] ==> [/lib/x86_64-linux-gnu]
  collapse library dir [/lib/../lib] ==> [/lib]
  collapse library dir [/usr/lib/x86_64-linux-gnu] ==> [/usr/lib/x86_64-linux-gnu]
  collapse library dir [/usr/lib/../lib] ==> [/usr/lib]
  collapse library dir [/usr/lib/gcc/x86_64-linux-gnu/10/../../..] ==> [/usr/lib]
  implicit libs: [gcc;gcc_s;c;gcc;gcc_s]
  implicit dirs: [/usr/lib/gcc/x86_64-linux-gnu/10;/usr/lib/x86_64-linux-gnu;/usr/lib;/lib/x86_64-linux-gnu;/lib]
  implicit fwks: []


Determining if the include file fcntl.h exists passed with the following output:
Change Dir: /home/aleksey/OTUS/DZ4/json-c-build/CMakeFiles/CMakeTmp

Run Build Command(s):/usr/bin/gmake cmTC_7b129/fast && /usr/bin/gmake  -f CMakeFiles/cmTC_7b129.dir/build.make CMakeFiles/cmTC_7b129.dir/build
gmake[1]: Entering directory '/home/aleksey/OTUS/DZ4/json-c-build/CMakeFiles/CMakeTmp'
Building C object CMakeFiles/cmTC_7b129.dir/CheckIncludeFile.c.o
/usr/bin/cc -D_GNU_SOURCE  -fPIE -o CMakeFiles/cmTC_7b129.dir/CheckIncludeFile.c.o -c /home/aleksey/OTUS/DZ4/json-c-build/CMakeFiles/CMakeTmp/CheckIncludeFile.c
Linking C executable cmTC_7b129
/usr/bin/cmake -E cmake_link_script CMakeFiles/cmTC_7b129.dir/link.txt --verbose=1
/usr/bin/cc -rdynamic CMakeFiles/cmTC_7b129.dir/CheckIncludeFile.c.o -o cmTC_7b129  -lm 
gmake[1]: Leaving directory '/home/aleksey/OTUS/DZ4/json-c-build/CMakeFiles/CMakeTmp'



Determining if the include file inttypes.h exists passed with the following output:
Change Dir: /home/aleksey/OTUS/DZ4/json-c-build/CMakeFiles/CMakeTmp

Run Build Command(s):/usr/bin/gmake cmTC_27377/fast && /usr/bin/gmake  -f CMakeFiles/cmTC_27377.dir/build.make CMakeFiles/cmTC_27377.dir/build
gmake[1]: Entering directory '/home/aleksey/OTUS/DZ4/json-c-build/CMakeFiles/CMakeTmp'
Building C object CMakeFiles/cmTC_27377.dir/CheckIncludeFile.c.o
/usr/bin/cc -D_GNU_SOURCE  -fPIE -o CMakeFiles/cmTC_27377.dir/CheckIncludeFile.c.o -c /home/aleksey/OTUS/DZ4/json-c-build/CMakeFiles/CMakeTmp/CheckIncludeFile.c
Linking C executable cmTC_27377
/usr/bin/cmake -E cmake_link_script CMakeFiles/cmTC_27377.dir/link.txt --verbose=1
/usr/bin/cc -rdynamic CMakeFiles/cmTC_27377.dir/CheckIncludeFile.c.o -o cmTC_27377  -lm 
gmake[1]: Leaving directory '/home/aleksey/OTUS/DZ4/json-c-build/CMakeFiles/CMakeTmp'



Determining if the include file stdarg.h exists passed with the following output:
Change Dir: /home/aleksey/OTUS/DZ4/json-c-build/CMakeFiles/CMakeTmp

Run Build Command(s):/usr/bin/gmake cmTC_72ae1/fast && /usr/bin/gmake  -f CMakeFiles/cmTC_72ae1.dir/build.make CMakeFiles/cmTC_72ae1.dir/build
gmake[1]: Entering directory '/home/aleksey/OTUS/DZ4/json-c-build/CMakeFiles/CMakeTmp'
Building C object CMakeFiles/cmTC_72ae1.dir/CheckIncludeFile.c.o
/usr/bin/cc -D_GNU_SOURCE  -fPIE -o CMakeFiles/cmTC_72ae1.dir/CheckIncludeFile.c.o -c /home/aleksey/OTUS/DZ4/json-c-build/CMakeFiles/CMakeTmp/CheckIncludeFile.c
Linking C executable cmTC_72ae1
/usr/bin/cmake -E cmake_link_script CMakeFiles/cmTC_72ae1.dir/link.txt --verbose=1
/usr/bin/cc -rdynamic CMakeFiles/cmTC_72ae1.dir/CheckIncludeFile.c.o -o cmTC_72ae1  -lm 
gmake[1]: Leaving directory '/home/aleksey/OTUS/DZ4/json-c-build/CMakeFiles/CMakeTmp'



Determining if the include file strings.h exists passed with the following output:
Change Dir: /home/aleksey/OTUS/DZ4/json-c-build/CMakeFiles/CMakeTmp

Run Build Command(s):/usr/bin/gmake cmTC_11a86/fast && /usr/bin/gmake  -f CMakeFiles/cmTC_11a86.dir/build.make CMakeFiles/cmTC_11a86.dir/build
gmake[1]: Entering directory '/home/aleksey/OTUS/DZ4/json-c-build/CMakeFiles/CMakeTmp'
Building C object CMakeFiles/cmTC_11a86.dir/CheckIncludeFile.c.o
/usr/bin/cc -D_GNU_SOURCE  -fPIE -o CMakeFiles/cmTC_11a86.dir/CheckIncludeFile.c.o -c /home/aleksey/OTUS/DZ4/json-c-build/CMakeFiles/CMakeTmp/CheckIncludeFile.c
Linking C executable cmTC_11a86
/usr/bin/cmake -E cmake_link_script CMakeFiles/cmTC_11a86.dir/link.txt --verbose=1
/usr/bin/cc -rdynamic CMakeFiles/cmTC_11a86.dir/CheckIncludeFile.c.o -o cmTC_11a86  -lm 
gmake[1]: Leaving directory '/home/aleksey/OTUS/DZ4/json-c-build/CMakeFiles/CMakeTmp'



Determining if the include file string.h exists passed with the following output:
Change Dir: /home/aleksey/OTUS/DZ4/json-c-build/CMakeFiles/CMakeTmp

Run Build Command(s):/usr/bin/gmake cmTC_ddabb/fast && /usr/bin/gmake  -f CMakeFiles/cmTC_ddabb.dir/build.make CMakeFiles/cmTC_ddabb.dir/build
gmake[1]: Entering directory '/home/aleksey/OTUS/DZ4/json-c-build/CMakeFiles/CMakeTmp'
Building C object CMakeFiles/cmTC_ddabb.dir/CheckIncludeFile.c.o
/usr/bin/cc -D_GNU_SOURCE  -fPIE -o CMakeFiles/cmTC_ddabb.dir/CheckIncludeFile.c.o -c /home/aleksey/OTUS/DZ4/json-c-build/CMakeFiles/CMakeTmp/CheckIncludeFile.c
Linking C executable cmTC_ddabb
/usr/bin/cmake -E cmake_link_script CMakeFiles/cmTC_ddabb.dir/link.txt --verbose=1
/usr/bin/cc -rdynamic CMakeFiles/cmTC_ddabb.dir/CheckIncludeFile.c.o -o cmTC_ddabb  -lm 
gmake[1]: Leaving directory '/home/aleksey/OTUS/DZ4/json-c-build/CMakeFiles/CMakeTmp'



Determining if the include file syslog.h exists passed with the following output:
Change Dir: /home/aleksey/OTUS/DZ4/json-c-build/CMakeFiles/CMakeTmp

Run Build Command(s):/usr/bin/gmake cmTC_fec0b/fast && /usr/bin/gmake  -f CMakeFiles/cmTC_fec0b.dir/build.make CMakeFiles/cmTC_fec0b.dir/build
gmake[1]: Entering directory '/home/aleksey/OTUS/DZ4/json-c-build/CMakeFiles/CMakeTmp'
Building C object CMakeFiles/cmTC_fec0b.dir/CheckIncludeFile.c.o
/usr/bin/cc -D_GNU_SOURCE  -fPIE -o CMakeFiles/cmTC_fec0b.dir/CheckIncludeFile.c.o -c /home/aleksey/OTUS/DZ4/json-c-build/CMakeFiles/CMakeTmp/CheckIncludeFile.c
Linking C executable cmTC_fec0b
/usr/bin/cmake -E cmake_link_script CMakeFiles/cmTC_fec0b.dir/link.txt --verbose=1
/usr/bin/cc -rdynamic CMakeFiles/cmTC_fec0b.dir/CheckIncludeFile.c.o -o cmTC_fec0b  -lm 
gmake[1]: Leaving directory '/home/aleksey/OTUS/DZ4/json-c-build/CMakeFiles/CMakeTmp'



Determining if files stdlib.h;stdarg.h;string.h;float.h exist passed with the following output:
Change Dir: /home/aleksey/OTUS/DZ4/json-c-build/CMakeFiles/CMakeTmp

Run Build Command(s):/usr/bin/gmake cmTC_49530/fast && /usr/bin/gmake  -f CMakeFiles/cmTC_49530.dir/build.make CMakeFiles/cmTC_49530.dir/build
gmake[1]: Entering directory '/home/aleksey/OTUS/DZ4/json-c-build/CMakeFiles/CMakeTmp'
Building C object CMakeFiles/cmTC_49530.dir/STDC_HEADERS.c.o
/usr/bin/cc -D_GNU_SOURCE  -fPIE -o CMakeFiles/cmTC_49530.dir/STDC_HEADERS.c.o -c /home/aleksey/OTUS/DZ4/json-c-build/CMakeFiles/CheckIncludeFiles/STDC_HEADERS.c
Linking C executable cmTC_49530
/usr/bin/cmake -E cmake_link_script CMakeFiles/cmTC_49530.dir/link.txt --verbose=1
/usr/bin/cc -rdynamic CMakeFiles/cmTC_49530.dir/STDC_HEADERS.c.o -o cmTC_49530  -lm 
gmake[1]: Leaving directory '/home/aleksey/OTUS/DZ4/json-c-build/CMakeFiles/CMakeTmp'



Determining if the include file unistd.h exists passed with the following output:
Change Dir: /home/aleksey/OTUS/DZ4/json-c-build/CMakeFiles/CMakeTmp

Run Build Command(s):/usr/bin/gmake cmTC_893f7/fast && /usr/bin/gmake  -f CMakeFiles/cmTC_893f7.dir/build.make CMakeFiles/cmTC_893f7.dir/build
gmake[1]: Entering directory '/home/aleksey/OTUS/DZ4/json-c-build/CMakeFiles/CMakeTmp'
Building C object CMakeFiles/cmTC_893f7.dir/CheckIncludeFile.c.o
/usr/bin/cc -D_GNU_SOURCE  -fPIE -o CMakeFiles/cmTC_893f7.dir/CheckIncludeFile.c.o -c /home/aleksey/OTUS/DZ4/json-c-build/CMakeFiles/CMakeTmp/CheckIncludeFile.c
Linking C executable cmTC_893f7
/usr/bin/cmake -E cmake_link_script CMakeFiles/cmTC_893f7.dir/link.txt --verbose=1
/usr/bin/cc -rdynamic CMakeFiles/cmTC_893f7.dir/CheckIncludeFile.c.o -o cmTC_893f7  -lm 
gmake[1]: Leaving directory '/home/aleksey/OTUS/DZ4/json-c-build/CMakeFiles/CMakeTmp'



Determining if the include file sys/types.h exists passed with the following output:
Change Dir: /home/aleksey/OTUS/DZ4/json-c-build/CMakeFiles/CMakeTmp

Run Build Command(s):/usr/bin/gmake cmTC_2ffec/fast && /usr/bin/gmake  -f CMakeFiles/cmTC_2ffec.dir/build.make CMakeFiles/cmTC_2ffec.dir/build
gmake[1]: Entering directory '/home/aleksey/OTUS/DZ4/json-c-build/CMakeFiles/CMakeTmp'
Building C object CMakeFiles/cmTC_2ffec.dir/CheckIncludeFile.c.o
/usr/bin/cc -D_GNU_SOURCE  -fPIE -o CMakeFiles/cmTC_2ffec.dir/CheckIncludeFile.c.o -c /home/aleksey/OTUS/DZ4/json-c-build/CMakeFiles/CMakeTmp/CheckIncludeFile.c
Linking C executable cmTC_2ffec
/usr/bin/cmake -E cmake_link_script CMakeFiles/cmTC_2ffec.dir/link.txt --verbose=1
/usr/bin/cc -rdynamic CMakeFiles/cmTC_2ffec.dir/CheckIncludeFile.c.o -o cmTC_2ffec  -lm 
gmake[1]: Leaving directory '/home/aleksey/OTUS/DZ4/json-c-build/CMakeFiles/CMakeTmp'



Determining if the include file sys/resource.h exists passed with the following output:
Change Dir: /home/aleksey/OTUS/DZ4/json-c-build/CMakeFiles/CMakeTmp

Run Build Command(s):/usr/bin/gmake cmTC_817f5/fast && /usr/bin/gmake  -f CMakeFiles/cmTC_817f5.dir/build.make CMakeFiles/cmTC_817f5.dir/build
gmake[1]: Entering directory '/home/aleksey/OTUS/DZ4/json-c-build/CMakeFiles/CMakeTmp'
Building C object CMakeFiles/cmTC_817f5.dir/CheckIncludeFile.c.o
/usr/bin/cc -D_GNU_SOURCE  -fPIE -o CMakeFiles/cmTC_817f5.dir/CheckIncludeFile.c.o -c /home/aleksey/OTUS/DZ4/json-c-build/CMakeFiles/CMakeTmp/CheckIncludeFile.c
Linking C executable cmTC_817f5
/usr/bin/cmake -E cmake_link_script CMakeFiles/cmTC_817f5.dir/link.txt --verbose=1
/usr/bin/cc -rdynamic CMakeFiles/cmTC_817f5.dir/CheckIncludeFile.c.o -o cmTC_817f5  -lm 
gmake[1]: Leaving directory '/home/aleksey/OTUS/DZ4/json-c-build/CMakeFiles/CMakeTmp'



Determining if the include file dlfcn.h exists passed with the following output:
Change Dir: /home/aleksey/OTUS/DZ4/json-c-build/CMakeFiles/CMakeTmp

Run Build Command(s):/usr/bin/gmake cmTC_13a92/fast && /usr/bin/gmake  -f CMakeFiles/cmTC_13a92.dir/build.make CMakeFiles/cmTC_13a92.dir/build
gmake[1]: Entering directory '/home/aleksey/OTUS/DZ4/json-c-build/CMakeFiles/CMakeTmp'
Building C object CMakeFiles/cmTC_13a92.dir/CheckIncludeFile.c.o
/usr/bin/cc -D_GNU_SOURCE  -fPIE -o CMakeFiles/cmTC_13a92.dir/CheckIncludeFile.c.o -c /home/aleksey/OTUS/DZ4/json-c-build/CMakeFiles/CMakeTmp/CheckIncludeFile.c
Linking C executable cmTC_13a92
/usr/bin/cmake -E cmake_link_script CMakeFiles/cmTC_13a92.dir/link.txt --verbose=1
/usr/bin/cc -rdynamic CMakeFiles/cmTC_13a92.dir/CheckIncludeFile.c.o -o cmTC_13a92  -lm 
gmake[1]: Leaving directory '/home/aleksey/OTUS/DZ4/json-c-build/CMakeFiles/CMakeTmp'



Determining if the include file endian.h exists passed with the following output:
Change Dir: /home/aleksey/OTUS/DZ4/json-c-build/CMakeFiles/CMakeTmp

Run Build Command(s):/usr/bin/gmake cmTC_51441/fast && /usr/bin/gmake  -f CMakeFiles/cmTC_51441.dir/build.make CMakeFiles/cmTC_51441.dir/build
gmake[1]: Entering directory '/home/aleksey/OTUS/DZ4/json-c-build/CMakeFiles/CMakeTmp'
Building C object CMakeFiles/cmTC_51441.dir/CheckIncludeFile.c.o
/usr/bin/cc -D_GNU_SOURCE  -fPIE -o CMakeFiles/cmTC_51441.dir/CheckIncludeFile.c.o -c /home/aleksey/OTUS/DZ4/json-c-build/CMakeFiles/CMakeTmp/CheckIncludeFile.c
Linking C executable cmTC_51441
/usr/bin/cmake -E cmake_link_script CMakeFiles/cmTC_51441.dir/link.txt --verbose=1
/usr/bin/cc -rdynamic CMakeFiles/cmTC_51441.dir/CheckIncludeFile.c.o -o cmTC_51441  -lm 
gmake[1]: Leaving directory '/home/aleksey/OTUS/DZ4/json-c-build/CMakeFiles/CMakeTmp'



Determining if the include file limits.h exists passed with the following output:
Change Dir: /home/aleksey/OTUS/DZ4/json-c-build/CMakeFiles/CMakeTmp

Run Build Command(s):/usr/bin/gmake cmTC_b7674/fast && /usr/bin/gmake  -f CMakeFiles/cmTC_b7674.dir/build.make CMakeFiles/cmTC_b7674.dir/build
gmake[1]: Entering directory '/home/aleksey/OTUS/DZ4/json-c-build/CMakeFiles/CMakeTmp'
Building C object CMakeFiles/cmTC_b7674.dir/CheckIncludeFile.c.o
/usr/bin/cc -D_GNU_SOURCE  -fPIE -o CMakeFiles/cmTC_b7674.dir/CheckIncludeFile.c.o -c /home/aleksey/OTUS/DZ4/json-c-build/CMakeFiles/CMakeTmp/CheckIncludeFile.c
Linking C executable cmTC_b7674
/usr/bin/cmake -E cmake_link_script CMakeFiles/cmTC_b7674.dir/link.txt --verbose=1
/usr/bin/cc -rdynamic CMakeFiles/cmTC_b7674.dir/CheckIncludeFile.c.o -o cmTC_b7674  -lm 
gmake[1]: Leaving directory '/home/aleksey/OTUS/DZ4/json-c-build/CMakeFiles/CMakeTmp'



Determining if the include file locale.h exists passed with the following output:
Change Dir: /home/aleksey/OTUS/DZ4/json-c-build/CMakeFiles/CMakeTmp

Run Build Command(s):/usr/bin/gmake cmTC_a30cd/fast && /usr/bin/gmake  -f CMakeFiles/cmTC_a30cd.dir/build.make CMakeFiles/cmTC_a30cd.dir/build
gmake[1]: Entering directory '/home/aleksey/OTUS/DZ4/json-c-build/CMakeFiles/CMakeTmp'
Building C object CMakeFiles/cmTC_a30cd.dir/CheckIncludeFile.c.o
/usr/bin/cc -D_GNU_SOURCE  -fPIE -o CMakeFiles/cmTC_a30cd.dir/CheckIncludeFile.c.o -c /home/aleksey/OTUS/DZ4/json-c-build/CMakeFiles/CMakeTmp/CheckIncludeFile.c
Linking C executable cmTC_a30cd
/usr/bin/cmake -E cmake_link_script CMakeFiles/cmTC_a30cd.dir/link.txt --verbose=1
/usr/bin/cc -rdynamic CMakeFiles/cmTC_a30cd.dir/CheckIncludeFile.c.o -o cmTC_a30cd  -lm 
gmake[1]: Leaving directory '/home/aleksey/OTUS/DZ4/json-c-build/CMakeFiles/CMakeTmp'



Determining if the include file memory.h exists passed with the following output:
Change Dir: /home/aleksey/OTUS/DZ4/json-c-build/CMakeFiles/CMakeTmp

Run Build Command(s):/usr/bin/gmake cmTC_917ce/fast && /usr/bin/gmake  -f CMakeFiles/cmTC_917ce.dir/build.make CMakeFiles/cmTC_917ce.dir/build
gmake[1]: Entering directory '/home/aleksey/OTUS/DZ4/json-c-build/CMakeFiles/CMakeTmp'
Building C object CMakeFiles/cmTC_917ce.dir/CheckIncludeFile.c.o
/usr/bin/cc -D_GNU_SOURCE  -fPIE -o CMakeFiles/cmTC_917ce.dir/CheckIncludeFile.c.o -c /home/aleksey/OTUS/DZ4/json-c-build/CMakeFiles/CMakeTmp/CheckIncludeFile.c
Linking C executable cmTC_917ce
/usr/bin/cmake -E cmake_link_script CMakeFiles/cmTC_917ce.dir/link.txt --verbose=1
/usr/bin/cc -rdynamic CMakeFiles/cmTC_917ce.dir/CheckIncludeFile.c.o -o cmTC_917ce  -lm 
gmake[1]: Leaving directory '/home/aleksey/OTUS/DZ4/json-c-build/CMakeFiles/CMakeTmp'



Determining if the include file stdint.h exists passed with the following output:
Change Dir: /home/aleksey/OTUS/DZ4/json-c-build/CMakeFiles/CMakeTmp

Run Build Command(s):/usr/bin/gmake cmTC_4c193/fast && /usr/bin/gmake  -f CMakeFiles/cmTC_4c193.dir/build.make CMakeFiles/cmTC_4c193.dir/build
gmake[1]: Entering directory '/home/aleksey/OTUS/DZ4/json-c-build/CMakeFiles/CMakeTmp'
Building C object CMakeFiles/cmTC_4c193.dir/CheckIncludeFile.c.o
/usr/bin/cc -D_GNU_SOURCE  -fPIE -o CMakeFiles/cmTC_4c193.dir/CheckIncludeFile.c.o -c /home/aleksey/OTUS/DZ4/json-c-build/CMakeFiles/CMakeTmp/CheckIncludeFile.c
Linking C executable cmTC_4c193
/usr/bin/cmake -E cmake_link_script CMakeFiles/cmTC_4c193.dir/link.txt --verbose=1
/usr/bin/cc -rdynamic CMakeFiles/cmTC_4c193.dir/CheckIncludeFile.c.o -o cmTC_4c193  -lm 
gmake[1]: Leaving directory '/home/aleksey/OTUS/DZ4/json-c-build/CMakeFiles/CMakeTmp'



Determining if the include file stdlib.h exists passed with the following output:
Change Dir: /home/aleksey/OTUS/DZ4/json-c-build/CMakeFiles/CMakeTmp

Run Build Command(s):/usr/bin/gmake cmTC_b857c/fast && /usr/bin/gmake  -f CMakeFiles/cmTC_b857c.dir/build.make CMakeFiles/cmTC_b857c.dir/build
gmake[1]: Entering directory '/home/aleksey/OTUS/DZ4/json-c-build/CMakeFiles/CMakeTmp'
Building C object CMakeFiles/cmTC_b857c.dir/CheckIncludeFile.c.o
/usr/bin/cc -D_GNU_SOURCE  -fPIE -o CMakeFiles/cmTC_b857c.dir/CheckIncludeFile.c.o -c /home/aleksey/OTUS/DZ4/json-c-build/CMakeFiles/CMakeTmp/CheckIncludeFile.c
Linking C executable cmTC_b857c
/usr/bin/cmake -E cmake_link_script CMakeFiles/cmTC_b857c.dir/link.txt --verbose=1
/usr/bin/cc -rdynamic CMakeFiles/cmTC_b857c.dir/CheckIncludeFile.c.o -o cmTC_b857c  -lm 
gmake[1]: Leaving directory '/home/aleksey/OTUS/DZ4/json-c-build/CMakeFiles/CMakeTmp'



Determining if the include file sys/cdefs.h exists passed with the following output:
Change Dir: /home/aleksey/OTUS/DZ4/json-c-build/CMakeFiles/CMakeTmp

Run Build Command(s):/usr/bin/gmake cmTC_31c81/fast && /usr/bin/gmake  -f CMakeFiles/cmTC_31c81.dir/build.make CMakeFiles/cmTC_31c81.dir/build
gmake[1]: Entering directory '/home/aleksey/OTUS/DZ4/json-c-build/CMakeFiles/CMakeTmp'
Building C object CMakeFiles/cmTC_31c81.dir/CheckIncludeFile.c.o
/usr/bin/cc -D_GNU_SOURCE  -fPIE -o CMakeFiles/cmTC_31c81.dir/CheckIncludeFile.c.o -c /home/aleksey/OTUS/DZ4/json-c-build/CMakeFiles/CMakeTmp/CheckIncludeFile.c
Linking C executable cmTC_31c81
/usr/bin/cmake -E cmake_link_script CMakeFiles/cmTC_31c81.dir/link.txt --verbose=1
/usr/bin/cc -rdynamic CMakeFiles/cmTC_31c81.dir/CheckIncludeFile.c.o -o cmTC_31c81  -lm 
gmake[1]: Leaving directory '/home/aleksey/OTUS/DZ4/json-c-build/CMakeFiles/CMakeTmp'



Determining if the include file sys/param.h exists passed with the following output:
Change Dir: /home/aleksey/OTUS/DZ4/json-c-build/CMakeFiles/CMakeTmp

Run Build Command(s):/usr/bin/gmake cmTC_b56c9/fast && /usr/bin/gmake  -f CMakeFiles/cmTC_b56c9.dir/build.make CMakeFiles/cmTC_b56c9.dir/build
gmake[1]: Entering directory '/home/aleksey/OTUS/DZ4/json-c-build/CMakeFiles/CMakeTmp'
Building C object CMakeFiles/cmTC_b56c9.dir/CheckIncludeFile.c.o
/usr/bin/cc -D_GNU_SOURCE  -fPIE -o CMakeFiles/cmTC_b56c9.dir/CheckIncludeFile.c.o -c /home/aleksey/OTUS/DZ4/json-c-build/CMakeFiles/CMakeTmp/CheckIncludeFile.c
Linking C executable cmTC_b56c9
/usr/bin/cmake -E cmake_link_script CMakeFiles/cmTC_b56c9.dir/link.txt --verbose=1
/usr/bin/cc -rdynamic CMakeFiles/cmTC_b56c9.dir/CheckIncludeFile.c.o -o cmTC_b56c9  -lm 
gmake[1]: Leaving directory '/home/aleksey/OTUS/DZ4/json-c-build/CMakeFiles/CMakeTmp'



Determining if the include file sys/random.h exists passed with the following output:
Change Dir: /home/aleksey/OTUS/DZ4/json-c-build/CMakeFiles/CMakeTmp

Run Build Command(s):/usr/bin/gmake cmTC_61292/fast && /usr/bin/gmake  -f CMakeFiles/cmTC_61292.dir/build.make CMakeFiles/cmTC_61292.dir/build
gmake[1]: Entering directory '/home/aleksey/OTUS/DZ4/json-c-build/CMakeFiles/CMakeTmp'
Building C object CMakeFiles/cmTC_61292.dir/CheckIncludeFile.c.o
/usr/bin/cc -D_GNU_SOURCE  -fPIE -o CMakeFiles/cmTC_61292.dir/CheckIncludeFile.c.o -c /home/aleksey/OTUS/DZ4/json-c-build/CMakeFiles/CMakeTmp/CheckIncludeFile.c
Linking C executable cmTC_61292
/usr/bin/cmake -E cmake_link_script CMakeFiles/cmTC_61292.dir/link.txt --verbose=1
/usr/bin/cc -rdynamic CMakeFiles/cmTC_61292.dir/CheckIncludeFile.c.o -o cmTC_61292  -lm 
gmake[1]: Leaving directory '/home/aleksey/OTUS/DZ4/json-c-build/CMakeFiles/CMakeTmp'



Determining if the include file sys/stat.h exists passed with the following output:
Change Dir: /home/aleksey/OTUS/DZ4/json-c-build/CMakeFiles/CMakeTmp

Run Build Command(s):/usr/bin/gmake cmTC_3d638/fast && /usr/bin/gmake  -f CMakeFiles/cmTC_3d638.dir/build.make CMakeFiles/cmTC_3d638.dir/build
gmake[1]: Entering directory '/home/aleksey/OTUS/DZ4/json-c-build/CMakeFiles/CMakeTmp'
Building C object CMakeFiles/cmTC_3d638.dir/CheckIncludeFile.c.o
/usr/bin/cc -D_GNU_SOURCE  -fPIE -o CMakeFiles/cmTC_3d638.dir/CheckIncludeFile.c.o -c /home/aleksey/OTUS/DZ4/json-c-build/CMakeFiles/CMakeTmp/CheckIncludeFile.c
Linking C executable cmTC_3d638
/usr/bin/cmake -E cmake_link_script CMakeFiles/cmTC_3d638.dir/link.txt --verbose=1
/usr/bin/cc -rdynamic CMakeFiles/cmTC_3d638.dir/CheckIncludeFile.c.o -o cmTC_3d638  -lm 
gmake[1]: Leaving directory '/home/aleksey/OTUS/DZ4/json-c-build/CMakeFiles/CMakeTmp'



Determining if the INFINITY exist passed with the following output:
Change Dir: /home/aleksey/OTUS/DZ4/json-c-build/CMakeFiles/CMakeTmp

Run Build Command(s):/usr/bin/gmake cmTC_461d9/fast && /usr/bin/gmake  -f CMakeFiles/cmTC_461d9.dir/build.make CMakeFiles/cmTC_461d9.dir/build
gmake[1]: Entering directory '/home/aleksey/OTUS/DZ4/json-c-build/CMakeFiles/CMakeTmp'
Building C object CMakeFiles/cmTC_461d9.dir/CheckSymbolExists.c.o
/usr/bin/cc -D_GNU_SOURCE  -fPIE -o CMakeFiles/cmTC_461d9.dir/CheckSymbolExists.c.o -c /home/aleksey/OTUS/DZ4/json-c-build/CMakeFiles/CMakeTmp/CheckSymbolExists.c
Linking C executable cmTC_461d9
/usr/bin/cmake -E cmake_link_script CMakeFiles/cmTC_461d9.dir/link.txt --verbose=1
/usr/bin/cc -rdynamic CMakeFiles/cmTC_461d9.dir/CheckSymbolExists.c.o -o cmTC_461d9  -lm 
gmake[1]: Leaving directory '/home/aleksey/OTUS/DZ4/json-c-build/CMakeFiles/CMakeTmp'


File /home/aleksey/OTUS/DZ4/json-c-build/CMakeFiles/CMakeTmp/CheckSymbolExists.c:
/* */
#include <math.h>

int main(int argc, char** argv)
{
  (void)argv;
#ifndef INFINITY
  return ((int*)(&INFINITY))[argc];
#else
  (void)argc;
  return 0;
#endif
}
Determining if the isinf exist passed with the following output:
Change Dir: /home/aleksey/OTUS/DZ4/json-c-build/CMakeFiles/CMakeTmp

Run Build Command(s):/usr/bin/gmake cmTC_24791/fast && /usr/bin/gmake  -f CMakeFiles/cmTC_24791.dir/build.make CMakeFiles/cmTC_24791.dir/build
gmake[1]: Entering directory '/home/aleksey/OTUS/DZ4/json-c-build/CMakeFiles/CMakeTmp'
Building C object CMakeFiles/cmTC_24791.dir/CheckSymbolExists.c.o
/usr/bin/cc -D_GNU_SOURCE  -fPIE -o CMakeFiles/cmTC_24791.dir/CheckSymbolExists.c.o -c /home/aleksey/OTUS/DZ4/json-c-build/CMakeFiles/CMakeTmp/CheckSymbolExists.c
Linking C executable cmTC_24791
/usr/bin/cmake -E cmake_link_script CMakeFiles/cmTC_24791.dir/link.txt --verbose=1
/usr/bin/cc -rdynamic CMakeFiles/cmTC_24791.dir/CheckSymbolExists.c.o -o cmTC_24791  -lm 
gmake[1]: Leaving directory '/home/aleksey/OTUS/DZ4/json-c-build/CMakeFiles/CMakeTmp'


File /home/aleksey/OTUS/DZ4/json-c-build/CMakeFiles/CMakeTmp/CheckSymbolExists.c:
/* */
#include <math.h>

int main(int argc, char** argv)
{
  (void)argv;
#ifndef isinf
  return ((int*)(&isinf))[argc];
#else
  (void)argc;
  return 0;
#endif
}
Determining if the isnan exist passed with the following output:
Change Dir: /home/aleksey/OTUS/DZ4/json-c-build/CMakeFiles/CMakeTmp

Run Build Command(s):/usr/bin/gmake cmTC_e3308/fast && /usr/bin/gmake  -f CMakeFiles/cmTC_e3308.dir/build.make CMakeFiles/cmTC_e3308.dir/build
gmake[1]: Entering directory '/home/aleksey/OTUS/DZ4/json-c-build/CMakeFiles/CMakeTmp'
Building C object CMakeFiles/cmTC_e3308.dir/CheckSymbolExists.c.o
/usr/bin/cc -D_GNU_SOURCE  -fPIE -o CMakeFiles/cmTC_e3308.dir/CheckSymbolExists.c.o -c /home/aleksey/OTUS/DZ4/json-c-build/CMakeFiles/CMakeTmp/CheckSymbolExists.c
Linking C executable cmTC_e3308
/usr/bin/cmake -E cmake_link_script CMakeFiles/cmTC_e3308.dir/link.txt --verbose=1
/usr/bin/cc -rdynamic CMakeFiles/cmTC_e3308.dir/CheckSymbolExists.c.o -o cmTC_e3308  -lm 
gmake[1]: Leaving directory '/home/aleksey/OTUS/DZ4/json-c-build/CMakeFiles/CMakeTmp'


File /home/aleksey/OTUS/DZ4/json-c-build/CMakeFiles/CMakeTmp/CheckSymbolExists.c:
/* */
#include <math.h>

int main(int argc, char** argv)
{
  (void)argv;
#ifndef isnan
  return ((int*)(&isnan))[argc];
#else
  (void)argc;
  return 0;
#endif
}
Determining if the nan exist passed with the following output:
Change Dir: /home/aleksey/OTUS/DZ4/json-c-build/CMakeFiles/CMakeTmp

Run Build Command(s):/usr/bin/gmake cmTC_ae7c0/fast && /usr/bin/gmake  -f CMakeFiles/cmTC_ae7c0.dir/build.make CMakeFiles/cmTC_ae7c0.dir/build
gmake[1]: Entering directory '/home/aleksey/OTUS/DZ4/json-c-build/CMakeFiles/CMakeTmp'
Building C object CMakeFiles/cmTC_ae7c0.dir/CheckSymbolExists.c.o
/usr/bin/cc -D_GNU_SOURCE  -fPIE -o CMakeFiles/cmTC_ae7c0.dir/CheckSymbolExists.c.o -c /home/aleksey/OTUS/DZ4/json-c-build/CMakeFiles/CMakeTmp/CheckSymbolExists.c
Linking C executable cmTC_ae7c0
/usr/bin/cmake -E cmake_link_script CMakeFiles/cmTC_ae7c0.dir/link.txt --verbose=1
/usr/bin/cc -rdynamic CMakeFiles/cmTC_ae7c0.dir/CheckSymbolExists.c.o -o cmTC_ae7c0  -lm 
gmake[1]: Leaving directory '/home/aleksey/OTUS/DZ4/json-c-build/CMakeFiles/CMakeTmp'


File /home/aleksey/OTUS/DZ4/json-c-build/CMakeFiles/CMakeTmp/CheckSymbolExists.c:
/* */
#include <math.h>

int main(int argc, char** argv)
{
  (void)argv;
#ifndef nan
  return ((int*)(&nan))[argc];
#else
  (void)argc;
  return 0;
#endif
}
Determining if the snprintf exist passed with the following output:
Change Dir: /home/aleksey/OTUS/DZ4/json-c-build/CMakeFiles/CMakeTmp

Run Build Command(s):/usr/bin/gmake cmTC_08147/fast && /usr/bin/gmake  -f CMakeFiles/cmTC_08147.dir/build.make CMakeFiles/cmTC_08147.dir/build
gmake[1]: Entering directory '/home/aleksey/OTUS/DZ4/json-c-build/CMakeFiles/CMakeTmp'
Building C object CMakeFiles/cmTC_08147.dir/CheckSymbolExists.c.o
/usr/bin/cc -D_GNU_SOURCE  -fPIE -o CMakeFiles/cmTC_08147.dir/CheckSymbolExists.c.o -c /home/aleksey/OTUS/DZ4/json-c-build/CMakeFiles/CMakeTmp/CheckSymbolExists.c
Linking C executable cmTC_08147
/usr/bin/cmake -E cmake_link_script CMakeFiles/cmTC_08147.dir/link.txt --verbose=1
/usr/bin/cc -rdynamic CMakeFiles/cmTC_08147.dir/CheckSymbolExists.c.o -o cmTC_08147  -lm 
gmake[1]: Leaving directory '/home/aleksey/OTUS/DZ4/json-c-build/CMakeFiles/CMakeTmp'


File /home/aleksey/OTUS/DZ4/json-c-build/CMakeFiles/CMakeTmp/CheckSymbolExists.c:
/* */
#include <stdio.h>

int main(int argc, char** argv)
{
  (void)argv;
#ifndef snprintf
  return ((int*)(&snprintf))[argc];
#else
  (void)argc;
  return 0;
#endif
}
Determining if the vasprintf exist passed with the following output:
Change Dir: /home/aleksey/OTUS/DZ4/json-c-build/CMakeFiles/CMakeTmp

Run Build Command(s):/usr/bin/gmake cmTC_80498/fast && /usr/bin/gmake  -f CMakeFiles/cmTC_80498.dir/build.make CMakeFiles/cmTC_80498.dir/build
gmake[1]: Entering directory '/home/aleksey/OTUS/DZ4/json-c-build/CMakeFiles/CMakeTmp'
Building C object CMakeFiles/cmTC_80498.dir/CheckSymbolExists.c.o
/usr/bin/cc -D_GNU_SOURCE  -fPIE -o CMakeFiles/cmTC_80498.dir/CheckSymbolExists.c.o -c /home/aleksey/OTUS/DZ4/json-c-build/CMakeFiles/CMakeTmp/CheckSymbolExists.c
Linking C executable cmTC_80498
/usr/bin/cmake -E cmake_link_script CMakeFiles/cmTC_80498.dir/link.txt --verbose=1
/usr/bin/cc -rdynamic CMakeFiles/cmTC_80498.dir/CheckSymbolExists.c.o -o cmTC_80498  -lm 
gmake[1]: Leaving directory '/home/aleksey/OTUS/DZ4/json-c-build/CMakeFiles/CMakeTmp'


File /home/aleksey/OTUS/DZ4/json-c-build/CMakeFiles/CMakeTmp/CheckSymbolExists.c:
/* */
#include <stdio.h>

int main(int argc, char** argv)
{
  (void)argv;
#ifndef vasprintf
  return ((int*)(&vasprintf))[argc];
#else
  (void)argc;
  return 0;
#endif
}
Determining if the vsnprintf exist passed with the following output:
Change Dir: /home/aleksey/OTUS/DZ4/json-c-build/CMakeFiles/CMakeTmp

Run Build Command(s):/usr/bin/gmake cmTC_a16ca/fast && /usr/bin/gmake  -f CMakeFiles/cmTC_a16ca.dir/build.make CMakeFiles/cmTC_a16ca.dir/build
gmake[1]: Entering directory '/home/aleksey/OTUS/DZ4/json-c-build/CMakeFiles/CMakeTmp'
Building C object CMakeFiles/cmTC_a16ca.dir/CheckSymbolExists.c.o
/usr/bin/cc -D_GNU_SOURCE  -fPIE -o CMakeFiles/cmTC_a16ca.dir/CheckSymbolExists.c.o -c /home/aleksey/OTUS/DZ4/json-c-build/CMakeFiles/CMakeTmp/CheckSymbolExists.c
Linking C executable cmTC_a16ca
/usr/bin/cmake -E cmake_link_script CMakeFiles/cmTC_a16ca.dir/link.txt --verbose=1
/usr/bin/cc -rdynamic CMakeFiles/cmTC_a16ca.dir/CheckSymbolExists.c.o -o cmTC_a16ca  -lm 
gmake[1]: Leaving directory '/home/aleksey/OTUS/DZ4/json-c-build/CMakeFiles/CMakeTmp'


File /home/aleksey/OTUS/DZ4/json-c-build/CMakeFiles/CMakeTmp/CheckSymbolExists.c:
/* */
#include <stdio.h>

int main(int argc, char** argv)
{
  (void)argv;
#ifndef vsnprintf
  return ((int*)(&vsnprintf))[argc];
#else
  (void)argc;
  return 0;
#endif
}
Determining if the vprintf exist passed with the following output:
Change Dir: /home/aleksey/OTUS/DZ4/json-c-build/CMakeFiles/CMakeTmp

Run Build Command(s):/usr/bin/gmake cmTC_94c98/fast && /usr/bin/gmake  -f CMakeFiles/cmTC_94c98.dir/build.make CMakeFiles/cmTC_94c98.dir/build
gmake[1]: Entering directory '/home/aleksey/OTUS/DZ4/json-c-build/CMakeFiles/CMakeTmp'
Building C object CMakeFiles/cmTC_94c98.dir/CheckSymbolExists.c.o
/usr/bin/cc -D_GNU_SOURCE  -fPIE -o CMakeFiles/cmTC_94c98.dir/CheckSymbolExists.c.o -c /home/aleksey/OTUS/DZ4/json-c-build/CMakeFiles/CMakeTmp/CheckSymbolExists.c
Linking C executable cmTC_94c98
/usr/bin/cmake -E cmake_link_script CMakeFiles/cmTC_94c98.dir/link.txt --verbose=1
/usr/bin/cc -rdynamic CMakeFiles/cmTC_94c98.dir/CheckSymbolExists.c.o -o cmTC_94c98  -lm 
gmake[1]: Leaving directory '/home/aleksey/OTUS/DZ4/json-c-build/CMakeFiles/CMakeTmp'


File /home/aleksey/OTUS/DZ4/json-c-build/CMakeFiles/CMakeTmp/CheckSymbolExists.c:
/* */
#include <stdio.h>

int main(int argc, char** argv)
{
  (void)argv;
#ifndef vprintf
  return ((int*)(&vprintf))[argc];
#else
  (void)argc;
  return 0;
#endif
}
Determining if the open exist passed with the following output:
Change Dir: /home/aleksey/OTUS/DZ4/json-c-build/CMakeFiles/CMakeTmp

Run Build Command(s):/usr/bin/gmake cmTC_6335f/fast && /usr/bin/gmake  -f CMakeFiles/cmTC_6335f.dir/build.make CMakeFiles/cmTC_6335f.dir/build
gmake[1]: Entering directory '/home/aleksey/OTUS/DZ4/json-c-build/CMakeFiles/CMakeTmp'
Building C object CMakeFiles/cmTC_6335f.dir/CheckSymbolExists.c.o
/usr/bin/cc -D_GNU_SOURCE  -fPIE -o CMakeFiles/cmTC_6335f.dir/CheckSymbolExists.c.o -c /home/aleksey/OTUS/DZ4/json-c-build/CMakeFiles/CMakeTmp/CheckSymbolExists.c
Linking C executable cmTC_6335f
/usr/bin/cmake -E cmake_link_script CMakeFiles/cmTC_6335f.dir/link.txt --verbose=1
/usr/bin/cc -rdynamic CMakeFiles/cmTC_6335f.dir/CheckSymbolExists.c.o -o cmTC_6335f  -lm 
gmake[1]: Leaving directory '/home/aleksey/OTUS/DZ4/json-c-build/CMakeFiles/CMakeTmp'


File /home/aleksey/OTUS/DZ4/json-c-build/CMakeFiles/CMakeTmp/CheckSymbolExists.c:
/* */
#include <fcntl.h>

int main(int argc, char** argv)
{
  (void)argv;
#ifndef open
  return ((int*)(&open))[argc];
#else
  (void)argc;
  return 0;
#endif
}
Determining if the realloc exist passed with the following output:
Change Dir: /home/aleksey/OTUS/DZ4/json-c-build/CMakeFiles/CMakeTmp

Run Build Command(s):/usr/bin/gmake cmTC_00111/fast && /usr/bin/gmake  -f CMakeFiles/cmTC_00111.dir/build.make CMakeFiles/cmTC_00111.dir/build
gmake[1]: Entering directory '/home/aleksey/OTUS/DZ4/json-c-build/CMakeFiles/CMakeTmp'
Building C object CMakeFiles/cmTC_00111.dir/CheckSymbolExists.c.o
/usr/bin/cc -D_GNU_SOURCE  -fPIE -o CMakeFiles/cmTC_00111.dir/CheckSymbolExists.c.o -c /home/aleksey/OTUS/DZ4/json-c-build/CMakeFiles/CMakeTmp/CheckSymbolExists.c
Linking C executable cmTC_00111
/usr/bin/cmake -E cmake_link_script CMakeFiles/cmTC_00111.dir/link.txt --verbose=1
/usr/bin/cc -rdynamic CMakeFiles/cmTC_00111.dir/CheckSymbolExists.c.o -o cmTC_00111  -lm 
gmake[1]: Leaving directory '/home/aleksey/OTUS/DZ4/json-c-build/CMakeFiles/CMakeTmp'


File /home/aleksey/OTUS/DZ4/json-c-build/CMakeFiles/CMakeTmp/CheckSymbolExists.c:
/* */
#include <stdlib.h>

int main(int argc, char** argv)
{
  (void)argv;
#ifndef realloc
  return ((int*)(&realloc))[argc];
#else
  (void)argc;
  return 0;
#endif
}
Determining if the setlocale exist passed with the following output:
Change Dir: /home/aleksey/OTUS/DZ4/json-c-build/CMakeFiles/CMakeTmp

Run Build Command(s):/usr/bin/gmake cmTC_7bc0e/fast && /usr/bin/gmake  -f CMakeFiles/cmTC_7bc0e.dir/build.make CMakeFiles/cmTC_7bc0e.dir/build
gmake[1]: Entering directory '/home/aleksey/OTUS/DZ4/json-c-build/CMakeFiles/CMakeTmp'
Building C object CMakeFiles/cmTC_7bc0e.dir/CheckSymbolExists.c.o
/usr/bin/cc -D_GNU_SOURCE  -fPIE -o CMakeFiles/cmTC_7bc0e.dir/CheckSymbolExists.c.o -c /home/aleksey/OTUS/DZ4/json-c-build/CMakeFiles/CMakeTmp/CheckSymbolExists.c
Linking C executable cmTC_7bc0e
/usr/bin/cmake -E cmake_link_script CMakeFiles/cmTC_7bc0e.dir/link.txt --verbose=1
/usr/bin/cc -rdynamic CMakeFiles/cmTC_7bc0e.dir/CheckSymbolExists.c.o -o cmTC_7bc0e  -lm 
gmake[1]: Leaving directory '/home/aleksey/OTUS/DZ4/json-c-build/CMakeFiles/CMakeTmp'


File /home/aleksey/OTUS/DZ4/json-c-build/CMakeFiles/CMakeTmp/CheckSymbolExists.c:
/* */
#include <locale.h>

int main(int argc, char** argv)
{
  (void)argv;
#ifndef setlocale
  return ((int*)(&setlocale))[argc];
#else
  (void)argc;
  return 0;
#endif
}
Determining if the uselocale exist passed with the following output:
Change Dir: /home/aleksey/OTUS/DZ4/json-c-build/CMakeFiles/CMakeTmp

Run Build Command(s):/usr/bin/gmake cmTC_17428/fast && /usr/bin/gmake  -f CMakeFiles/cmTC_17428.dir/build.make CMakeFiles/cmTC_17428.dir/build
gmake[1]: Entering directory '/home/aleksey/OTUS/DZ4/json-c-build/CMakeFiles/CMakeTmp'
Building C object CMakeFiles/cmTC_17428.dir/CheckSymbolExists.c.o
/usr/bin/cc -D_GNU_SOURCE  -fPIE -o CMakeFiles/cmTC_17428.dir/CheckSymbolExists.c.o -c /home/aleksey/OTUS/DZ4/json-c-build/CMakeFiles/CMakeTmp/CheckSymbolExists.c
Linking C executable cmTC_17428
/usr/bin/cmake -E cmake_link_script CMakeFiles/cmTC_17428.dir/link.txt --verbose=1
/usr/bin/cc -rdynamic CMakeFiles/cmTC_17428.dir/CheckSymbolExists.c.o -o cmTC_17428  -lm 
gmake[1]: Leaving directory '/home/aleksey/OTUS/DZ4/json-c-build/CMakeFiles/CMakeTmp'


File /home/aleksey/OTUS/DZ4/json-c-build/CMakeFiles/CMakeTmp/CheckSymbolExists.c:
/* */
#include <locale.h>

int main(int argc, char** argv)
{
  (void)argv;
#ifndef uselocale
  return ((int*)(&uselocale))[argc];
#else
  (void)argc;
  return 0;
#endif
}
Determining if the strcasecmp exist passed with the following output:
Change Dir: /home/aleksey/OTUS/DZ4/json-c-build/CMakeFiles/CMakeTmp

Run Build Command(s):/usr/bin/gmake cmTC_3965a/fast && /usr/bin/gmake  -f CMakeFiles/cmTC_3965a.dir/build.make CMakeFiles/cmTC_3965a.dir/build
gmake[1]: Entering directory '/home/aleksey/OTUS/DZ4/json-c-build/CMakeFiles/CMakeTmp'
Building C object CMakeFiles/cmTC_3965a.dir/CheckSymbolExists.c.o
/usr/bin/cc -D_GNU_SOURCE  -fPIE -o CMakeFiles/cmTC_3965a.dir/CheckSymbolExists.c.o -c /home/aleksey/OTUS/DZ4/json-c-build/CMakeFiles/CMakeTmp/CheckSymbolExists.c
Linking C executable cmTC_3965a
/usr/bin/cmake -E cmake_link_script CMakeFiles/cmTC_3965a.dir/link.txt --verbose=1
/usr/bin/cc -rdynamic CMakeFiles/cmTC_3965a.dir/CheckSymbolExists.c.o -o cmTC_3965a  -lm 
gmake[1]: Leaving directory '/home/aleksey/OTUS/DZ4/json-c-build/CMakeFiles/CMakeTmp'


File /home/aleksey/OTUS/DZ4/json-c-build/CMakeFiles/CMakeTmp/CheckSymbolExists.c:
/* */
#include <strings.h>

int main(int argc, char** argv)
{
  (void)argv;
#ifndef strcasecmp
  return ((int*)(&strcasecmp))[argc];
#else
  (void)argc;
  return 0;
#endif
}
Determining if the strncasecmp exist passed with the following output:
Change Dir: /home/aleksey/OTUS/DZ4/json-c-build/CMakeFiles/CMakeTmp

Run Build Command(s):/usr/bin/gmake cmTC_cec37/fast && /usr/bin/gmake  -f CMakeFiles/cmTC_cec37.dir/build.make CMakeFiles/cmTC_cec37.dir/build
gmake[1]: Entering directory '/home/aleksey/OTUS/DZ4/json-c-build/CMakeFiles/CMakeTmp'
Building C object CMakeFiles/cmTC_cec37.dir/CheckSymbolExists.c.o
/usr/bin/cc -D_GNU_SOURCE  -fPIE -o CMakeFiles/cmTC_cec37.dir/CheckSymbolExists.c.o -c /home/aleksey/OTUS/DZ4/json-c-build/CMakeFiles/CMakeTmp/CheckSymbolExists.c
Linking C executable cmTC_cec37
/usr/bin/cmake -E cmake_link_script CMakeFiles/cmTC_cec37.dir/link.txt --verbose=1
/usr/bin/cc -rdynamic CMakeFiles/cmTC_cec37.dir/CheckSymbolExists.c.o -o cmTC_cec37  -lm 
gmake[1]: Leaving directory '/home/aleksey/OTUS/DZ4/json-c-build/CMakeFiles/CMakeTmp'


File /home/aleksey/OTUS/DZ4/json-c-build/CMakeFiles/CMakeTmp/CheckSymbolExists.c:
/* */
#include <strings.h>

int main(int argc, char** argv)
{
  (void)argv;
#ifndef strncasecmp
  return ((int*)(&strncasecmp))[argc];
#else
  (void)argc;
  return 0;
#endif
}
Determining if the strdup exist passed with the following output:
Change Dir: /home/aleksey/OTUS/DZ4/json-c-build/CMakeFiles/CMakeTmp

Run Build Command(s):/usr/bin/gmake cmTC_51a6d/fast && /usr/bin/gmake  -f CMakeFiles/cmTC_51a6d.dir/build.make CMakeFiles/cmTC_51a6d.dir/build
gmake[1]: Entering directory '/home/aleksey/OTUS/DZ4/json-c-build/CMakeFiles/CMakeTmp'
Building C object CMakeFiles/cmTC_51a6d.dir/CheckSymbolExists.c.o
/usr/bin/cc -D_GNU_SOURCE  -fPIE -o CMakeFiles/cmTC_51a6d.dir/CheckSymbolExists.c.o -c /home/aleksey/OTUS/DZ4/json-c-build/CMakeFiles/CMakeTmp/CheckSymbolExists.c
Linking C executable cmTC_51a6d
/usr/bin/cmake -E cmake_link_script CMakeFiles/cmTC_51a6d.dir/link.txt --verbose=1
/usr/bin/cc -rdynamic CMakeFiles/cmTC_51a6d.dir/CheckSymbolExists.c.o -o cmTC_51a6d  -lm 
gmake[1]: Leaving directory '/home/aleksey/OTUS/DZ4/json-c-build/CMakeFiles/CMakeTmp'


File /home/aleksey/OTUS/DZ4/json-c-build/CMakeFiles/CMakeTmp/CheckSymbolExists.c:
/* */
#include <string.h>

int main(int argc, char** argv)
{
  (void)argv;
#ifndef strdup
  return ((int*)(&strdup))[argc];
#else
  (void)argc;
  return 0;
#endif
}
Determining if the strerror exist passed with the following output:
Change Dir: /home/aleksey/OTUS/DZ4/json-c-build/CMakeFiles/CMakeTmp

Run Build Command(s):/usr/bin/gmake cmTC_81539/fast && /usr/bin/gmake  -f CMakeFiles/cmTC_81539.dir/build.make CMakeFiles/cmTC_81539.dir/build
gmake[1]: Entering directory '/home/aleksey/OTUS/DZ4/json-c-build/CMakeFiles/CMakeTmp'
Building C object CMakeFiles/cmTC_81539.dir/CheckSymbolExists.c.o
/usr/bin/cc -D_GNU_SOURCE  -fPIE -o CMakeFiles/cmTC_81539.dir/CheckSymbolExists.c.o -c /home/aleksey/OTUS/DZ4/json-c-build/CMakeFiles/CMakeTmp/CheckSymbolExists.c
Linking C executable cmTC_81539
/usr/bin/cmake -E cmake_link_script CMakeFiles/cmTC_81539.dir/link.txt --verbose=1
/usr/bin/cc -rdynamic CMakeFiles/cmTC_81539.dir/CheckSymbolExists.c.o -o cmTC_81539  -lm 
gmake[1]: Leaving directory '/home/aleksey/OTUS/DZ4/json-c-build/CMakeFiles/CMakeTmp'


File /home/aleksey/OTUS/DZ4/json-c-build/CMakeFiles/CMakeTmp/CheckSymbolExists.c:
/* */
#include <string.h>

int main(int argc, char** argv)
{
  (void)argv;
#ifndef strerror
  return ((int*)(&strerror))[argc];
#else
  (void)argc;
  return 0;
#endif
}
Determining if the vsyslog exist passed with the following output:
Change Dir: /home/aleksey/OTUS/DZ4/json-c-build/CMakeFiles/CMakeTmp

Run Build Command(s):/usr/bin/gmake cmTC_95362/fast && /usr/bin/gmake  -f CMakeFiles/cmTC_95362.dir/build.make CMakeFiles/cmTC_95362.dir/build
gmake[1]: Entering directory '/home/aleksey/OTUS/DZ4/json-c-build/CMakeFiles/CMakeTmp'
Building C object CMakeFiles/cmTC_95362.dir/CheckSymbolExists.c.o
/usr/bin/cc -D_GNU_SOURCE  -fPIE -o CMakeFiles/cmTC_95362.dir/CheckSymbolExists.c.o -c /home/aleksey/OTUS/DZ4/json-c-build/CMakeFiles/CMakeTmp/CheckSymbolExists.c
Linking C executable cmTC_95362
/usr/bin/cmake -E cmake_link_script CMakeFiles/cmTC_95362.dir/link.txt --verbose=1
/usr/bin/cc -rdynamic CMakeFiles/cmTC_95362.dir/CheckSymbolExists.c.o -o cmTC_95362  -lm 
gmake[1]: Leaving directory '/home/aleksey/OTUS/DZ4/json-c-build/CMakeFiles/CMakeTmp'


File /home/aleksey/OTUS/DZ4/json-c-build/CMakeFiles/CMakeTmp/CheckSymbolExists.c:
/* */
#include <syslog.h>

int main(int argc, char** argv)
{
  (void)argv;
#ifndef vsyslog
  return ((int*)(&vsyslog))[argc];
#else
  (void)argc;
  return 0;
#endif
}
Determining if the getrandom exist passed with the following output:
Change Dir: /home/aleksey/OTUS/DZ4/json-c-build/CMakeFiles/CMakeTmp

Run Build Command(s):/usr/bin/gmake cmTC_92f9c/fast && /usr/bin/gmake  -f CMakeFiles/cmTC_92f9c.dir/build.make CMakeFiles/cmTC_92f9c.dir/build
gmake[1]: Entering directory '/home/aleksey/OTUS/DZ4/json-c-build/CMakeFiles/CMakeTmp'
Building C object CMakeFiles/cmTC_92f9c.dir/CheckSymbolExists.c.o
/usr/bin/cc -D_GNU_SOURCE  -fPIE -o CMakeFiles/cmTC_92f9c.dir/CheckSymbolExists.c.o -c /home/aleksey/OTUS/DZ4/json-c-build/CMakeFiles/CMakeTmp/CheckSymbolExists.c
Linking C executable cmTC_92f9c
/usr/bin/cmake -E cmake_link_script CMakeFiles/cmTC_92f9c.dir/link.txt --verbose=1
/usr/bin/cc -rdynamic CMakeFiles/cmTC_92f9c.dir/CheckSymbolExists.c.o -o cmTC_92f9c  -lm 
gmake[1]: Leaving directory '/home/aleksey/OTUS/DZ4/json-c-build/CMakeFiles/CMakeTmp'


File /home/aleksey/OTUS/DZ4/json-c-build/CMakeFiles/CMakeTmp/CheckSymbolExists.c:
/* */
#include <sys/random.h>

int main(int argc, char** argv)
{
  (void)argv;
#ifndef getrandom
  return ((int*)(&getrandom))[argc];
#else
  (void)argc;
  return 0;
#endif
}
Determining if the getrusage exist passed with the following output:
Change Dir: /home/aleksey/OTUS/DZ4/json-c-build/CMakeFiles/CMakeTmp

Run Build Command(s):/usr/bin/gmake cmTC_5c03c/fast && /usr/bin/gmake  -f CMakeFiles/cmTC_5c03c.dir/build.make CMakeFiles/cmTC_5c03c.dir/build
gmake[1]: Entering directory '/home/aleksey/OTUS/DZ4/json-c-build/CMakeFiles/CMakeTmp'
Building C object CMakeFiles/cmTC_5c03c.dir/CheckSymbolExists.c.o
/usr/bin/cc -D_GNU_SOURCE  -fPIE -o CMakeFiles/cmTC_5c03c.dir/CheckSymbolExists.c.o -c /home/aleksey/OTUS/DZ4/json-c-build/CMakeFiles/CMakeTmp/CheckSymbolExists.c
Linking C executable cmTC_5c03c
/usr/bin/cmake -E cmake_link_script CMakeFiles/cmTC_5c03c.dir/link.txt --verbose=1
/usr/bin/cc -rdynamic CMakeFiles/cmTC_5c03c.dir/CheckSymbolExists.c.o -o cmTC_5c03c  -lm 
gmake[1]: Leaving directory '/home/aleksey/OTUS/DZ4/json-c-build/CMakeFiles/CMakeTmp'


File /home/aleksey/OTUS/DZ4/json-c-build/CMakeFiles/CMakeTmp/CheckSymbolExists.c:
/* */
#include <sys/resource.h>

int main(int argc, char** argv)
{
  (void)argv;
#ifndef getrusage
  return ((int*)(&getrusage))[argc];
#else
  (void)argc;
  return 0;
#endif
}
Determining if the strtoll exist passed with the following output:
Change Dir: /home/aleksey/OTUS/DZ4/json-c-build/CMakeFiles/CMakeTmp

Run Build Command(s):/usr/bin/gmake cmTC_80a31/fast && /usr/bin/gmake  -f CMakeFiles/cmTC_80a31.dir/build.make CMakeFiles/cmTC_80a31.dir/build
gmake[1]: Entering directory '/home/aleksey/OTUS/DZ4/json-c-build/CMakeFiles/CMakeTmp'
Building C object CMakeFiles/cmTC_80a31.dir/CheckSymbolExists.c.o
/usr/bin/cc -D_GNU_SOURCE  -fPIE -o CMakeFiles/cmTC_80a31.dir/CheckSymbolExists.c.o -c /home/aleksey/OTUS/DZ4/json-c-build/CMakeFiles/CMakeTmp/CheckSymbolExists.c
Linking C executable cmTC_80a31
/usr/bin/cmake -E cmake_link_script CMakeFiles/cmTC_80a31.dir/link.txt --verbose=1
/usr/bin/cc -rdynamic CMakeFiles/cmTC_80a31.dir/CheckSymbolExists.c.o -o cmTC_80a31  -lm 
gmake[1]: Leaving directory '/home/aleksey/OTUS/DZ4/json-c-build/CMakeFiles/CMakeTmp'


File /home/aleksey/OTUS/DZ4/json-c-build/CMakeFiles/CMakeTmp/CheckSymbolExists.c:
/* */
#include <stdlib.h>

int main(int argc, char** argv)
{
  (void)argv;
#ifndef strtoll
  return ((int*)(&strtoll))[argc];
#else
  (void)argc;
  return 0;
#endif
}
Determining if the strtoull exist passed with the following output:
Change Dir: /home/aleksey/OTUS/DZ4/json-c-build/CMakeFiles/CMakeTmp

Run Build Command(s):/usr/bin/gmake cmTC_879d8/fast && /usr/bin/gmake  -f CMakeFiles/cmTC_879d8.dir/build.make CMakeFiles/cmTC_879d8.dir/build
gmake[1]: Entering directory '/home/aleksey/OTUS/DZ4/json-c-build/CMakeFiles/CMakeTmp'
Building C object CMakeFiles/cmTC_879d8.dir/CheckSymbolExists.c.o
/usr/bin/cc -D_GNU_SOURCE  -fPIE -o CMakeFiles/cmTC_879d8.dir/CheckSymbolExists.c.o -c /home/aleksey/OTUS/DZ4/json-c-build/CMakeFiles/CMakeTmp/CheckSymbolExists.c
Linking C executable cmTC_879d8
/usr/bin/cmake -E cmake_link_script CMakeFiles/cmTC_879d8.dir/link.txt --verbose=1
/usr/bin/cc -rdynamic CMakeFiles/cmTC_879d8.dir/CheckSymbolExists.c.o -o cmTC_879d8  -lm 
gmake[1]: Leaving directory '/home/aleksey/OTUS/DZ4/json-c-build/CMakeFiles/CMakeTmp'


File /home/aleksey/OTUS/DZ4/json-c-build/CMakeFiles/CMakeTmp/CheckSymbolExists.c:
/* */
#include <stdlib.h>

int main(int argc, char** argv)
{
  (void)argv;
#ifndef strtoull
  return ((int*)(&strtoull))[argc];
#else
  (void)argc;
  return 0;
#endif
}
Determining if the include file stddef.h exists passed with the following output:
Change Dir: /home/aleksey/OTUS/DZ4/json-c-build/CMakeFiles/CMakeTmp

Run Build Command(s):/usr/bin/gmake cmTC_de86b/fast && /usr/bin/gmake  -f CMakeFiles/cmTC_de86b.dir/build.make CMakeFiles/cmTC_de86b.dir/build
gmake[1]: Entering directory '/home/aleksey/OTUS/DZ4/json-c-build/CMakeFiles/CMakeTmp'
Building C object CMakeFiles/cmTC_de86b.dir/CheckIncludeFile.c.o
/usr/bin/cc -D_GNU_SOURCE  -fPIE -o CMakeFiles/cmTC_de86b.dir/CheckIncludeFile.c.o -c /home/aleksey/OTUS/DZ4/json-c-build/CMakeFiles/CMakeTmp/CheckIncludeFile.c
Linking C executable cmTC_de86b
/usr/bin/cmake -E cmake_link_script CMakeFiles/cmTC_de86b.dir/link.txt --verbose=1
/usr/bin/cc -rdynamic CMakeFiles/cmTC_de86b.dir/CheckIncludeFile.c.o -o cmTC_de86b  -lm 
gmake[1]: Leaving directory '/home/aleksey/OTUS/DZ4/json-c-build/CMakeFiles/CMakeTmp'



Determining size of int passed with the following output:
Change Dir: /home/aleksey/OTUS/DZ4/json-c-build/CMakeFiles/CMakeTmp

Run Build Command(s):/usr/bin/gmake cmTC_f553a/fast && /usr/bin/gmake  -f CMakeFiles/cmTC_f553a.dir/build.make CMakeFiles/cmTC_f553a.dir/build
gmake[1]: Entering directory '/home/aleksey/OTUS/DZ4/json-c-build/CMakeFiles/CMakeTmp'
Building C object CMakeFiles/cmTC_f553a.dir/SIZEOF_INT.c.o
/usr/bin/cc -D_GNU_SOURCE  -fPIE -o CMakeFiles/cmTC_f553a.dir/SIZEOF_INT.c.o -c /home/aleksey/OTUS/DZ4/json-c-build/CMakeFiles/CheckTypeSize/SIZEOF_INT.c
Linking C executable cmTC_f553a
/usr/bin/cmake -E cmake_link_script CMakeFiles/cmTC_f553a.dir/link.txt --verbose=1
/usr/bin/cc -rdynamic CMakeFiles/cmTC_f553a.dir/SIZEOF_INT.c.o -o cmTC_f553a  -lm 
gmake[1]: Leaving directory '/home/aleksey/OTUS/DZ4/json-c-build/CMakeFiles/CMakeTmp'



Determining size of int64_t passed with the following output:
Change Dir: /home/aleksey/OTUS/DZ4/json-c-build/CMakeFiles/CMakeTmp

Run Build Command(s):/usr/bin/gmake cmTC_a7b64/fast && /usr/bin/gmake  -f CMakeFiles/cmTC_a7b64.dir/build.make CMakeFiles/cmTC_a7b64.dir/build
gmake[1]: Entering directory '/home/aleksey/OTUS/DZ4/json-c-build/CMakeFiles/CMakeTmp'
Building C object CMakeFiles/cmTC_a7b64.dir/SIZEOF_INT64_T.c.o
/usr/bin/cc -D_GNU_SOURCE  -fPIE -o CMakeFiles/cmTC_a7b64.dir/SIZEOF_INT64_T.c.o -c /home/aleksey/OTUS/DZ4/json-c-build/CMakeFiles/CheckTypeSize/SIZEOF_INT64_T.c
Linking C executable cmTC_a7b64
/usr/bin/cmake -E cmake_link_script CMakeFiles/cmTC_a7b64.dir/link.txt --verbose=1
/usr/bin/cc -rdynamic CMakeFiles/cmTC_a7b64.dir/SIZEOF_INT64_T.c.o -o cmTC_a7b64  -lm 
gmake[1]: Leaving directory '/home/aleksey/OTUS/DZ4/json-c-build/CMakeFiles/CMakeTmp'



Determining size of long passed with the following output:
Change Dir: /home/aleksey/OTUS/DZ4/json-c-build/CMakeFiles/CMakeTmp

Run Build Command(s):/usr/bin/gmake cmTC_92275/fast && /usr/bin/gmake  -f CMakeFiles/cmTC_92275.dir/build.make CMakeFiles/cmTC_92275.dir/build
gmake[1]: Entering directory '/home/aleksey/OTUS/DZ4/json-c-build/CMakeFiles/CMakeTmp'
Building C object CMakeFiles/cmTC_92275.dir/SIZEOF_LONG.c.o
/usr/bin/cc -D_GNU_SOURCE  -fPIE -o CMakeFiles/cmTC_92275.dir/SIZEOF_LONG.c.o -c /home/aleksey/OTUS/DZ4/json-c-build/CMakeFiles/CheckTypeSize/SIZEOF_LONG.c
Linking C executable cmTC_92275
/usr/bin/cmake -E cmake_link_script CMakeFiles/cmTC_92275.dir/link.txt --verbose=1
/usr/bin/cc -rdynamic CMakeFiles/cmTC_92275.dir/SIZEOF_LONG.c.o -o cmTC_92275  -lm 
gmake[1]: Leaving directory '/home/aleksey/OTUS/DZ4/json-c-build/CMakeFiles/CMakeTmp'



Determining size of long long passed with the following output:
Change Dir: /home/aleksey/OTUS/DZ4/json-c-build/CMakeFiles/CMakeTmp

Run Build Command(s):/usr/bin/gmake cmTC_8a361/fast && /usr/bin/gmake  -f CMakeFiles/cmTC_8a361.dir/build.make CMakeFiles/cmTC_8a361.dir/build
gmake[1]: Entering directory '/home/aleksey/OTUS/DZ4/json-c-build/CMakeFiles/CMakeTmp'
Building C object CMakeFiles/cmTC_8a361.dir/SIZEOF_LONG_LONG.c.o
/usr/bin/cc -D_GNU_SOURCE  -fPIE -o CMakeFiles/cmTC_8a361.dir/SIZEOF_LONG_LONG.c.o -c /home/aleksey/OTUS/DZ4/json-c-build/CMakeFiles/CheckTypeSize/SIZEOF_LONG_LONG.c
Linking C executable cmTC_8a361
/usr/bin/cmake -E cmake_link_script CMakeFiles/cmTC_8a361.dir/link.txt --verbose=1
/usr/bin/cc -rdynamic CMakeFiles/cmTC_8a361.dir/SIZEOF_LONG_LONG.c.o -o cmTC_8a361  -lm 
gmake[1]: Leaving directory '/home/aleksey/OTUS/DZ4/json-c-build/CMakeFiles/CMakeTmp'



Determining size of size_t passed with the following output:
Change Dir: /home/aleksey/OTUS/DZ4/json-c-build/CMakeFiles/CMakeTmp

Run Build Command(s):/usr/bin/gmake cmTC_063cf/fast && /usr/bin/gmake  -f CMakeFiles/cmTC_063cf.dir/build.make CMakeFiles/cmTC_063cf.dir/build
gmake[1]: Entering directory '/home/aleksey/OTUS/DZ4/json-c-build/CMakeFiles/CMakeTmp'
Building C object CMakeFiles/cmTC_063cf.dir/SIZEOF_SIZE_T.c.o
/usr/bin/cc -D_GNU_SOURCE  -fPIE -o CMakeFiles/cmTC_063cf.dir/SIZEOF_SIZE_T.c.o -c /home/aleksey/OTUS/DZ4/json-c-build/CMakeFiles/CheckTypeSize/SIZEOF_SIZE_T.c
Linking C executable cmTC_063cf
/usr/bin/cmake -E cmake_link_script CMakeFiles/cmTC_063cf.dir/link.txt --verbose=1
/usr/bin/cc -rdynamic CMakeFiles/cmTC_063cf.dir/SIZEOF_SIZE_T.c.o -o cmTC_063cf  -lm 
gmake[1]: Leaving directory '/home/aleksey/OTUS/DZ4/json-c-build/CMakeFiles/CMakeTmp'



Determining size of ssize_t passed with the following output:
Change Dir: /home/aleksey/OTUS/DZ4/json-c-build/CMakeFiles/CMakeTmp

Run Build Command(s):/usr/bin/gmake cmTC_82680/fast && /usr/bin/gmake  -f CMakeFiles/cmTC_82680.dir/build.make CMakeFiles/cmTC_82680.dir/build
gmake[1]: Entering directory '/home/aleksey/OTUS/DZ4/json-c-build/CMakeFiles/CMakeTmp'
Building C object CMakeFiles/cmTC_82680.dir/SIZEOF_SSIZE_T.c.o
/usr/bin/cc -D_GNU_SOURCE  -fPIE -o CMakeFiles/cmTC_82680.dir/SIZEOF_SSIZE_T.c.o -c /home/aleksey/OTUS/DZ4/json-c-build/CMakeFiles/CheckTypeSize/SIZEOF_SSIZE_T.c
Linking C executable cmTC_82680
/usr/bin/cmake -E cmake_link_script CMakeFiles/cmTC_82680.dir/link.txt --verbose=1
/usr/bin/cc -rdynamic CMakeFiles/cmTC_82680.dir/SIZEOF_SSIZE_T.c.o -o cmTC_82680  -lm 
gmake[1]: Leaving directory '/home/aleksey/OTUS/DZ4/json-c-build/CMakeFiles/CMakeTmp'



Performing C SOURCE FILE Test HAVE_ATOMIC_BUILTINS succeeded with the following output:
Change Dir: /home/aleksey/OTUS/DZ4/json-c-build/CMakeFiles/CMakeTmp

Run Build Command(s):/usr/bin/gmake cmTC_1a0b7/fast && /usr/bin/gmake  -f CMakeFiles/cmTC_1a0b7.dir/build.make CMakeFiles/cmTC_1a0b7.dir/build
gmake[1]: Entering directory '/home/aleksey/OTUS/DZ4/json-c-build/CMakeFiles/CMakeTmp'
Building C object CMakeFiles/cmTC_1a0b7.dir/src.c.o
/usr/bin/cc -D_GNU_SOURCE  -DHAVE_ATOMIC_BUILTINS -fPIE -o CMakeFiles/cmTC_1a0b7.dir/src.c.o -c /home/aleksey/OTUS/DZ4/json-c-build/CMakeFiles/CMakeTmp/src.c
Linking C executable cmTC_1a0b7
/usr/bin/cmake -E cmake_link_script CMakeFiles/cmTC_1a0b7.dir/link.txt --verbose=1
/usr/bin/cc  -DHAVE_ATOMIC_BUILTINS -rdynamic CMakeFiles/cmTC_1a0b7.dir/src.c.o -o cmTC_1a0b7  -lm 
gmake[1]: Leaving directory '/home/aleksey/OTUS/DZ4/json-c-build/CMakeFiles/CMakeTmp'


Source file was:
int main() { int i, x = 0; i = __sync_add_and_fetch(&x,1); return x; }
Performing C SOURCE FILE Test HAVE___THREAD succeeded with the following output:
Change Dir: /home/aleksey/OTUS/DZ4/json-c-build/CMakeFiles/CMakeTmp

Run Build Command(s):/usr/bin/gmake cmTC_615b4/fast && /usr/bin/gmake  -f CMakeFiles/cmTC_615b4.dir/build.make CMakeFiles/cmTC_615b4.dir/build
gmake[1]: Entering directory '/home/aleksey/OTUS/DZ4/json-c-build/CMakeFiles/CMakeTmp'
Building C object CMakeFiles/cmTC_615b4.dir/src.c.o
/usr/bin/cc -D_GNU_SOURCE  -DHAVE___THREAD -fPIE -o CMakeFiles/cmTC_615b4.dir/src.c.o -c /home/aleksey/OTUS/DZ4/json-c-build/CMakeFiles/CMakeTmp/src.c
Linking C executable cmTC_615b4
/usr/bin/cmake -E cmake_link_script CMakeFiles/cmTC_615b4.dir/link.txt --verbose=1
/usr/bin/cc  -DHAVE___THREAD -rdynamic CMakeFiles/cmTC_615b4.dir/src.c.o -o cmTC_615b4  -lm 
gmake[1]: Leaving directory '/home/aleksey/OTUS/DZ4/json-c-build/CMakeFiles/CMakeTmp'


Source file was:
__thread int x = 0; int main() { return 0; }
Performing C SOURCE FILE Test REENTRANT_WORKS succeeded with the following output:
Change Dir: /home/aleksey/OTUS/DZ4/json-c-build/CMakeFiles/CMakeTmp

Run Build Command(s):/usr/bin/gmake cmTC_ca1fc/fast && /usr/bin/gmake  -f CMakeFiles/cmTC_ca1fc.dir/build.make CMakeFiles/cmTC_ca1fc.dir/build
gmake[1]: Entering directory '/home/aleksey/OTUS/DZ4/json-c-build/CMakeFiles/CMakeTmp'
Building C object CMakeFiles/cmTC_ca1fc.dir/src.c.o
/usr/bin/cc -D_GNU_SOURCE  -ffunction-sections -fdata-sections -Werror -Wall -Wcast-qual -Wno-error=deprecated-declarations -Wextra -Wwrite-strings -Wno-unused-parameter -Wstrict-prototypes -DREENTRANT_WORKS -fPIE -o CMakeFiles/cmTC_ca1fc.dir/src.c.o -c /home/aleksey/OTUS/DZ4/json-c-build/CMakeFiles/CMakeTmp/src.c
Linking C executable cmTC_ca1fc
/usr/bin/cmake -E cmake_link_script CMakeFiles/cmTC_ca1fc.dir/link.txt --verbose=1
/usr/bin/cc  -ffunction-sections -fdata-sections -Werror -Wall -Wcast-qual -Wno-error=deprecated-declarations -Wextra -Wwrite-strings -Wno-unused-parameter -Wstrict-prototypes -DREENTRANT_WORKS -rdynamic CMakeFiles/cmTC_ca1fc.dir/src.c.o -o cmTC_ca1fc  -lm 
gmake[1]: Leaving directory '/home/aleksey/OTUS/DZ4/json-c-build/CMakeFiles/CMakeTmp'


Source file was:

	/* uClibc toolchains without threading barf when _REENTRANT is defined */
	#define _REENTRANT 1
	#include <sys/types.h>
	int main (void)
	{
	  return 0;
	}
	
Performing C SOURCE FILE Test BSYMBOLIC_WORKS succeeded with the following output:
Change Dir: /home/aleksey/OTUS/DZ4/json-c-build/CMakeFiles/CMakeTmp

Run Build Command(s):/usr/bin/gmake cmTC_181e4/fast && /usr/bin/gmake  -f CMakeFiles/cmTC_181e4.dir/build.make CMakeFiles/cmTC_181e4.dir/build
gmake[1]: Entering directory '/home/aleksey/OTUS/DZ4/json-c-build/CMakeFiles/CMakeTmp'
Building C object CMakeFiles/cmTC_181e4.dir/src.c.o
/usr/bin/cc -D_GNU_SOURCE  -ffunction-sections -fdata-sections -Werror -Wall -Wcast-qual -Wno-error=deprecated-declarations -Wextra -Wwrite-strings -Wno-unused-parameter -Wstrict-prototypes -DBSYMBOLIC_WORKS -fPIE -o CMakeFiles/cmTC_181e4.dir/src.c.o -c /home/aleksey/OTUS/DZ4/json-c-build/CMakeFiles/CMakeTmp/src.c
Linking C executable cmTC_181e4
/usr/bin/cmake -E cmake_link_script CMakeFiles/cmTC_181e4.dir/link.txt --verbose=1
/usr/bin/cc  -ffunction-sections -fdata-sections -Werror -Wall -Wcast-qual -Wno-error=deprecated-declarations -Wextra -Wwrite-strings -Wno-unused-parameter -Wstrict-prototypes -DBSYMBOLIC_WORKS -rdynamic CMakeFiles/cmTC_181e4.dir/src.c.o -o cmTC_181e4  -lm -Wl,-Bsymbolic-functions 
gmake[1]: Leaving directory '/home/aleksey/OTUS/DZ4/json-c-build/CMakeFiles/CMakeTmp'


Source file was:

	int main (void)
	{
	  return 0;
	}
	
Performing C SOURCE FILE Test VERSION_SCRIPT_WORKS succeeded with the following output:
Change Dir: /home/aleksey/OTUS/DZ4/json-c-build/CMakeFiles/CMakeTmp

Run Build Command(s):/usr/bin/gmake cmTC_a3808/fast && /usr/bin/gmake  -f CMakeFiles/cmTC_a3808.dir/build.make CMakeFiles/cmTC_a3808.dir/build
gmake[1]: Entering directory '/home/aleksey/OTUS/DZ4/json-c-build/CMakeFiles/CMakeTmp'
Building C object CMakeFiles/cmTC_a3808.dir/src.c.o
/usr/bin/cc -D_GNU_SOURCE  -ffunction-sections -fdata-sections -Werror -Wall -Wcast-qual -Wno-error=deprecated-declarations -Wextra -Wwrite-strings -Wno-unused-parameter -Wstrict-prototypes -DVERSION_SCRIPT_WORKS -fPIE -o CMakeFiles/cmTC_a3808.dir/src.c.o -c /home/aleksey/OTUS/DZ4/json-c-build/CMakeFiles/CMakeTmp/src.c
Linking C executable cmTC_a3808
/usr/bin/cmake -E cmake_link_script CMakeFiles/cmTC_a3808.dir/link.txt --verbose=1
/usr/bin/cc  -ffunction-sections -fdata-sections -Werror -Wall -Wcast-qual -Wno-error=deprecated-declarations -Wextra -Wwrite-strings -Wno-unused-parameter -Wstrict-prototypes -DVERSION_SCRIPT_WORKS -rdynamic CMakeFiles/cmTC_a3808.dir/src.c.o -o cmTC_a3808  -lm -Wl,--version-script,/home/aleksey/OTUS/DZ4/json-c-build/check-version-script.sym 
gmake[1]: Leaving directory '/home/aleksey/OTUS/DZ4/json-c-build/CMakeFiles/CMakeTmp'


Source file was:

	int main (void)
	{
	  return 0;
	}
	
